#
# There is insufficient memory for the Java Runtime Environment to continue.
# Native memory allocation (mmap) failed to map 257949696 bytes for G1 virtual space
# Possible reasons:
#   The system is out of physical RAM or swap space
#   The process is running with CompressedOops enabled, and the Java Heap may be blocking the growth of the native heap
# Possible solutions:
#   Reduce memory load on the system
#   Increase physical memory or swap space
#   Check if swap backing store is full
#   Decrease Java heap size (-Xmx/-Xms)
#   Decrease number of Java threads
#   Decrease Java thread stack sizes (-Xss)
#   Set larger code cache with -XX:ReservedCodeCacheSize=
#   JVM is running with Zero Based Compressed Oops mode in which the Java heap is
#     placed in the first 32GB address space. The Java Heap base address is the
#     maximum limit for the native heap growth. Please use -XX:HeapBaseMinAddress
#     to set the Java Heap base and to place the Java Heap above 32GB virtual address.
# This output file may be truncated or incomplete.
#
#  Out of Memory Error (os_windows.cpp:3600), pid=36708, tid=36736
#
# JRE version:  (21.0.1+12) (build )
# Java VM: Java HotSpot(TM) 64-Bit Server VM (21.0.1+12-LTS-29, mixed mode, sharing, tiered, compressed oops, compressed class ptrs, g1 gc, windows-amd64)
# No core dump will be written. Minidumps are not enabled by default on client versions of Windows
#

---------------  S U M M A R Y ------------

Command Line: -agentlib:jdwp=transport=dt_socket,server=n,suspend=y,address=localhost:34928 -XX:+ShowCodeDetailsInExceptionMessages LemonadeChange

Host: AMD Ryzen 5 5600H with Radeon Graphics         , 12 cores, 15G,  Windows 11 , 64 bit Build 26100 (10.0.26100.7920)
Time: Tue Mar 10 10:00:37 2026 India Standard Time elapsed time: 0.201156 seconds (0d 0h 0m 0s)

---------------  T H R E A D  ---------------

Current thread (0x0000022cf14e0c90):  JavaThread "Unknown thread" [_thread_in_vm, id=36736, stack(0x000000f0cca00000,0x000000f0ccb00000) (1024K)]

Stack: [0x000000f0cca00000,0x000000f0ccb00000]
Native frames: (J=compiled Java code, j=interpreted, Vv=VM code, C=native code)
V  [jvm.dll+0x6c9029]
V  [jvm.dll+0x854b81]
V  [jvm.dll+0x856e5e]
V  [jvm.dll+0x857543]
V  [jvm.dll+0x280c06]
V  [jvm.dll+0x6c5715]
V  [jvm.dll+0x6ba10a]
V  [jvm.dll+0x3557ea]
V  [jvm.dll+0x35d436]
V  [jvm.dll+0x3ae1be]
V  [jvm.dll+0x3ae468]
V  [jvm.dll+0x3291fc]
V  [jvm.dll+0x329d8b]
V  [jvm.dll+0x81d179]
V  [jvm.dll+0x3bb4f1]
V  [jvm.dll+0x805ae8]
V  [jvm.dll+0x44effe]
V  [jvm.dll+0x450901]
C  [jli.dll+0x52a3]
C  [ucrtbase.dll+0x37b0]
C  [KERNEL32.DLL+0x2e8d7]
C  [ntdll.dll+0x8c48c]


---------------  P R O C E S S  ---------------

Threads class SMR info:
_java_thread_list=0x00007ffc5e629b88, length=0, elements={
}

Java Threads: ( => current thread )
Total: 0

Other Threads:
  0x0000022cf372a5a0 WorkerThread "GC Thread#0"                     [id=35448, stack(0x000000f0ccb00000,0x000000f0ccc00000) (1024K)]
  0x0000022cf373e0a0 ConcurrentGCThread "G1 Main Marker"            [id=35452, stack(0x000000f0ccc00000,0x000000f0ccd00000) (1024K)]
  0x0000022cf373eaa0 WorkerThread "G1 Conc#0"                       [id=4496, stack(0x000000f0ccd00000,0x000000f0cce00000) (1024K)]

[error occurred during error reporting (printing all threads), id 0xc0000005, EXCEPTION_ACCESS_VIOLATION (0xc0000005) at pc=0x00007ffc5dd9c2c7]
VM state: not at safepoint (not fully initialized)

VM Mutex/Monitor currently owned by a thread:  ([mutex/lock_event])
[0x00007ffc5e69a6f8] Heap_lock - owner thread: 0x0000022cf14e0c90

Heap address: 0x000000070a800000, size: 3928 MB, Compressed Oops mode: Zero based, Oop shift amount: 3

CDS archive(s) mapped at: [0x0000000000000000-0x0000000000000000-0x0000000000000000), size 0, SharedBaseAddress: 0x0000000800000000, ArchiveRelocationMode: 1.
Narrow klass base: 0x0000000000000000, Narrow klass shift: 0, Narrow klass range: 0x0

GC Precious Log:
 CardTable entry size: 512
 Card Set container configuration: InlinePtr #cards 4 size 8 Array Of Cards #cards 16 size 48 Howl #buckets 8 coarsen threshold 3686 Howl Bitmap #cards 512 size 80 coarsen threshold 460 Card regions per heap region 1 cards per card region 4096

Heap:
 garbage-first heap   total 0K, used 0K [0x000000070a800000, 0x0000000800000000)
  region size 2048K, 0 young (0K), 0 survivors (0K)

[error occurred during error reporting (printing heap information), id 0xc0000005, EXCEPTION_ACCESS_VIOLATION (0xc0000005) at pc=0x00007ffc5e181be9]
GC Heap History (0 events):
No events

Dll operation events (1 events):
Event: 0.117 Loaded shared library C:\Program Files\Java\jdk-21\bin\java.dll

Deoptimization events (0 events):
No events

Classes loaded (0 events):
No events

Classes unloaded (0 events):
No events

Classes redefined (0 events):
No events

Internal exceptions (0 events):
No events

ZGC Phase Switch (0 events):
No events

VM Operations (0 events):
No events

Events (0 events):
No events


Dynamic libraries:
0x00007ff7e9290000 - 0x00007ff7e92a0000 	C:\Program Files\Java\jdk-21\bin\java.exe
0x00007ffd53e60000 - 0x00007ffd540c7000 	C:\WINDOWS\SYSTEM32\ntdll.dll
0x00007ffd52240000 - 0x00007ffd52309000 	C:\WINDOWS\System32\KERNEL32.DLL
0x00007ffd514f0000 - 0x00007ffd518e1000 	C:\WINDOWS\System32\KERNELBASE.dll
0x00007ffd50a00000 - 0x00007ffd50b4b000 	C:\WINDOWS\System32\ucrtbase.dll
0x00007ffd49ef0000 - 0x00007ffd49f09000 	C:\Program Files\Java\jdk-21\bin\jli.dll
0x00007ffd53450000 - 0x00007ffd5350b000 	C:\WINDOWS\System32\ADVAPI32.dll
0x00007ffd51c00000 - 0x00007ffd51ca9000 	C:\WINDOWS\System32\msvcrt.dll
0x00007ffd46290000 - 0x00007ffd462ab000 	C:\Program Files\Java\jdk-21\bin\VCRUNTIME140.dll
0x00007ffd53d60000 - 0x00007ffd53e07000 	C:\WINDOWS\System32\sechost.dll
0x00007ffd52940000 - 0x00007ffd52a58000 	C:\WINDOWS\System32\RPCRT4.dll
0x00007ffd52440000 - 0x00007ffd52605000 	C:\WINDOWS\System32\USER32.dll
0x00007ffd519a0000 - 0x00007ffd519c7000 	C:\WINDOWS\System32\win32u.dll
0x00007ffd33680000 - 0x00007ffd33913000 	C:\WINDOWS\WinSxS\amd64_microsoft.windows.common-controls_6595b64144ccf1df_6.0.26100.7922_none_3e089e1ee3342171\COMCTL32.dll
0x00007ffd52410000 - 0x00007ffd5243b000 	C:\WINDOWS\System32\GDI32.dll
0x00007ffd513c0000 - 0x00007ffd514ea000 	C:\WINDOWS\System32\gdi32full.dll
0x00007ffd518f0000 - 0x00007ffd51993000 	C:\WINDOWS\System32\msvcp_win.dll
0x00007ffd49260000 - 0x00007ffd4926b000 	C:\WINDOWS\SYSTEM32\VERSION.dll
0x00007ffd53b00000 - 0x00007ffd53b31000 	C:\WINDOWS\System32\IMM32.DLL
0x00007ffd49ee0000 - 0x00007ffd49eec000 	C:\Program Files\Java\jdk-21\bin\vcruntime140_1.dll
0x00007ffce4a70000 - 0x00007ffce4afe000 	C:\Program Files\Java\jdk-21\bin\msvcp140.dll
0x00007ffc5da60000 - 0x00007ffc5e775000 	C:\Program Files\Java\jdk-21\bin\server\jvm.dll
0x00007ffd531f0000 - 0x00007ffd53264000 	C:\WINDOWS\System32\WS2_32.dll
0x00007ffd505c0000 - 0x00007ffd5061e000 	C:\WINDOWS\SYSTEM32\POWRPROF.dll
0x00007ffd49220000 - 0x00007ffd49255000 	C:\WINDOWS\SYSTEM32\WINMM.dll
0x00007ffd505a0000 - 0x00007ffd505b4000 	C:\WINDOWS\SYSTEM32\UMPDC.dll
0x00007ffd4f4d0000 - 0x00007ffd4f4eb000 	C:\WINDOWS\SYSTEM32\kernel.appcore.dll
0x00007ffd46280000 - 0x00007ffd4628a000 	C:\Program Files\Java\jdk-21\bin\jimage.dll
0x00007ffd43550000 - 0x00007ffd43792000 	C:\WINDOWS\SYSTEM32\DBGHELP.DLL
0x00007ffd53610000 - 0x00007ffd53992000 	C:\WINDOWS\System32\combase.dll
0x00007ffd53510000 - 0x00007ffd535e7000 	C:\WINDOWS\System32\OLEAUT32.dll
0x00007ffd32cc0000 - 0x00007ffd32cfb000 	C:\WINDOWS\SYSTEM32\dbgcore.DLL
0x00007ffd519d0000 - 0x00007ffd51a75000 	C:\WINDOWS\System32\bcryptPrimitives.dll
0x00007ffd20740000 - 0x00007ffd2077c000 	C:\Program Files\Java\jdk-21\bin\jdwp.dll
0x00007ffd20720000 - 0x00007ffd2073f000 	C:\Program Files\Java\jdk-21\bin\java.dll

dbghelp: loaded successfully - version: 4.0.5 - missing functions: none
symbol engine: initialized successfully - sym options: 0x614 - pdb path: .;C:\Program Files\Java\jdk-21\bin;C:\WINDOWS\SYSTEM32;C:\WINDOWS\WinSxS\amd64_microsoft.windows.common-controls_6595b64144ccf1df_6.0.26100.7922_none_3e089e1ee3342171;C:\Program Files\Java\jdk-21\bin\server

VM Arguments:
jvm_args: -agentlib:jdwp=transport=dt_socket,server=n,suspend=y,address=localhost:34928 -XX:+ShowCodeDetailsInExceptionMessages 
java_command: LemonadeChange
java_class_path (initial): C:\Users\tanma\AppData\Roaming\Code\User\workspaceStorage\6b540a3515ceee862cf14e229ff073f2\redhat.java\jdt_ws\cp_d18adc32\bin
Launcher Type: SUN_STANDARD

[Global flags]
     intx CICompilerCount                          = 4                                         {product} {ergonomic}
     uint ConcGCThreads                            = 3                                         {product} {ergonomic}
     uint G1ConcRefinementThreads                  = 10                                        {product} {ergonomic}
   size_t G1HeapRegionSize                         = 2097152                                   {product} {ergonomic}
    uintx GCDrainStackTargetSize                   = 64                                        {product} {ergonomic}
   size_t InitialHeapSize                          = 257949696                                 {product} {ergonomic}
   size_t MarkStackSize                            = 4194304                                   {product} {ergonomic}
   size_t MaxHeapSize                              = 4118806528                                {product} {ergonomic}
   size_t MinHeapDeltaBytes                        = 2097152                                   {product} {ergonomic}
   size_t MinHeapSize                              = 8388608                                   {product} {ergonomic}
    uintx NonNMethodCodeHeapSize                   = 5839372                                {pd product} {ergonomic}
    uintx NonProfiledCodeHeapSize                  = 122909434                              {pd product} {ergonomic}
    uintx ProfiledCodeHeapSize                     = 122909434                              {pd product} {ergonomic}
    uintx ReservedCodeCacheSize                    = 251658240                              {pd product} {ergonomic}
     bool SegmentedCodeCache                       = true                                      {product} {ergonomic}
     bool ShowCodeDetailsInExceptionMessages       = true                                   {manageable} {command line}
   size_t SoftMaxHeapSize                          = 4118806528                             {manageable} {ergonomic}
     bool UseCompressedOops                        = true                           {product lp64_product} {ergonomic}
     bool UseG1GC                                  = true                                      {product} {ergonomic}
     bool UseLargePagesIndividualAllocation        = false                                  {pd product} {ergonomic}

Logging:
Log output configuration:
 #0: stdout all=warning uptime,level,tags foldmultilines=false
 #1: stderr all=off uptime,level,tags foldmultilines=false

Environment Variables:
PATH=C:\Users\tanma\AppData\Local\Programs\Microsoft VS Code;D:\app\tanma\product\11.2.0\dbhome_1\bin;C:\Program Files\Common Files\Oracle\Java\javapath;C:\windows\system32;C:\windows;C:\windows\System32\Wbem;C:\windows\System32\WindowsPowerShell\v1.0\;C:\windows\System32\OpenSSH\;C:\Program Files\HP\HP One Agent;C:\git\Git\cmd;C:\Users\tanma\.config\herd\bin\nvm;C:\Program Files\nodejs;C:\WINDOWS\system32;C:\WINDOWS;C:\WINDOWS\System32\Wbem;C:\WINDOWS\System32\WindowsPowerShell\v1.0\;C:\WINDOWS\System32\OpenSSH\;C:\Program Files\Docker\Docker\resources\bin;C:\Program Files\nodejs\;C:\Users\tanma\Downloads\apache-maven-3.9.12\bin;C:\Users\tanma\Downloads\groovy-5.0.4\bin;C:\Users\tanma\.config\herd\bin;C:\Users\tanma\AppData\Local\Programs\Python\Python312\Scripts\;C:\Users\tanma\AppData\Local\Programs\Python\Python312\;C:\Users\tanma\AppData\Local\Microsoft\WindowsApps;C:\Users\tanma\AppData\Local\Programs\Microsoft VS Code\bin;C:\minGW\bin;C:\Modeltech_5.7g\win32;C:\minGW\bin;C:\Program Files\JetBrains\IntelliJ IDEA Community Edition 2023.3.2\bin;C:\Program Files\nodejs;C:\Users\tanma\AppData\Local\spicetify;C:\Users\tanma\AppData\Local\Microsoft\WindowsApps;C:\Program Files (x86)\Nmap;C:\Users\tanma\AppData\Roaming\npm;C:\Users\tanma\AppData\Local\Programs\Microsoft VS Code Insiders\bin;C:\Users\tanma\AppData\Local\Programs\Antigravity\bin;c:\Users\tanma\.vscode\extensions\vscjava.vscode-java-debug-0.58.5\bundled\scripts\noConfigScripts
USERNAME=tanma
LANG=en_US.UTF-8
OS=Windows_NT
PROCESSOR_IDENTIFIER=AMD64 Family 25 Model 80 Stepping 0, AuthenticAMD
TMP=C:\Users\tanma\AppData\Local\Temp
TEMP=C:\Users\tanma\AppData\Local\Temp




Periodic native trim disabled

---------------  S Y S T E M  ---------------

OS:
 Windows 11 , 64 bit Build 26100 (10.0.26100.7920)
OS uptime: 1 days 16:51 hours
Hyper-V role detected

CPU: total 12 (initial active 12) (12 cores per cpu, 2 threads per core) family 25 model 80 stepping 0 microcode 0xa50000f, cx8, cmov, fxsr, ht, mmx, 3dnowpref, sse, sse2, sse3, ssse3, sse4a, sse4.1, sse4.2, popcnt, lzcnt, tsc, tscinvbit, avx, avx2, aes, erms, clmul, bmi1, bmi2, adx, sha, fma, vzeroupper, clflush, clflushopt, hv, rdtscp, rdpid, fsrm, f16c, cet_ss
Processor Information for processor 0
  Max Mhz: 3301, Current Mhz: 1908, Mhz Limit: 3301
Processor Information for processor 1
  Max Mhz: 3301, Current Mhz: 1908, Mhz Limit: 3301
Processor Information for processor 2
  Max Mhz: 3301, Current Mhz: 1908, Mhz Limit: 3301
Processor Information for processor 3
  Max Mhz: 3301, Current Mhz: 1805, Mhz Limit: 3301
Processor Information for processor 4
  Max Mhz: 3301, Current Mhz: 1805, Mhz Limit: 3301
Processor Information for processor 5
  Max Mhz: 3301, Current Mhz: 1908, Mhz Limit: 3301
Processor Information for processor 6
  Max Mhz: 3301, Current Mhz: 1908, Mhz Limit: 3301
Processor Information for processor 7
  Max Mhz: 3301, Current Mhz: 1908, Mhz Limit: 3301
Processor Information for processor 8
  Max Mhz: 3301, Current Mhz: 1908, Mhz Limit: 3301
Processor Information for processor 9
  Max Mhz: 3301, Current Mhz: 1908, Mhz Limit: 3301
Processor Information for processor 10
  Max Mhz: 3301, Current Mhz: 1908, Mhz Limit: 3301
Processor Information for processor 11
  Max Mhz: 3301, Current Mhz: 1908, Mhz Limit: 3301

Memory: 4k page, system-wide physical 15710M (2151M free)
TotalPageFile size 25938M (AvailPageFile size 154M)
current process WorkingSet (physical memory assigned to process): 12M, peak: 12M
current process commit charge ("private bytes"): 64M, peak: 310M

vm_info: Java HotSpot(TM) 64-Bit Server VM (21.0.1+12-LTS-29) for windows-amd64 JRE (21.0.1+12-LTS-29), built on 2023-10-05T13:27:09Z by "mach5one" with MS VC++ 17.1 (VS2022)

END.
