#
# There is insufficient memory for the Java Runtime Environment to continue.
# Native memory allocation (mmap) failed to map 257949696 bytes for G1 virtual space
# Possible reasons:
#   The system is out of physical RAM or swap space
#   The process is running with CompressedOops enabled, and the Java Heap may be blocking the growth of the native heap
# Possible solutions:
#   Reduce memory load on the system
#   Increase physical memory or swap space
#   Check if swap backing store is full
#   Decrease Java heap size (-Xmx/-Xms)
#   Decrease number of Java threads
#   Decrease Java thread stack sizes (-Xss)
#   Set larger code cache with -XX:ReservedCodeCacheSize=
#   JVM is running with Zero Based Compressed Oops mode in which the Java heap is
#     placed in the first 32GB address space. The Java Heap base address is the
#     maximum limit for the native heap growth. Please use -XX:HeapBaseMinAddress
#     to set the Java Heap base and to place the Java Heap above 32GB virtual address.
# This output file may be truncated or incomplete.
#
#  Out of Memory Error (os_windows.cpp:3600), pid=14952, tid=24824
#
# JRE version:  (21.0.1+12) (build )
# Java VM: Java HotSpot(TM) 64-Bit Server VM (21.0.1+12-LTS-29, mixed mode, sharing, tiered, compressed oops, compressed class ptrs, g1 gc, windows-amd64)
# No core dump will be written. Minidumps are not enabled by default on client versions of Windows
#

---------------  S U M M A R Y ------------

Command Line: --add-modules=ALL-DEFAULT jdk.compiler/com.sun.tools.javac.launcher.Main .\\InfixToPostfix.java

Host: AMD Ryzen 5 5600H with Radeon Graphics         , 12 cores, 15G,  Windows 11 , 64 bit Build 26100 (10.0.26100.7920)
Time: Fri Feb 27 16:28:24 2026 India Standard Time elapsed time: 0.028578 seconds (0d 0h 0m 0s)

---------------  T H R E A D  ---------------

Current thread (0x00000276727a0980):  JavaThread "Unknown thread" [_thread_in_vm, id=24824, stack(0x000000e05a600000,0x000000e05a700000) (1024K)]

Stack: [0x000000e05a600000,0x000000e05a700000]
Native frames: (J=compiled Java code, j=interpreted, Vv=VM code, C=native code)
V  [jvm.dll+0x6c9029]
V  [jvm.dll+0x854b81]
V  [jvm.dll+0x856e5e]
V  [jvm.dll+0x857543]
V  [jvm.dll+0x280c06]
V  [jvm.dll+0x6c5715]
V  [jvm.dll+0x6ba10a]
V  [jvm.dll+0x3557ea]
V  [jvm.dll+0x35d436]
V  [jvm.dll+0x3ae1be]
V  [jvm.dll+0x3ae468]
V  [jvm.dll+0x3291fc]
V  [jvm.dll+0x329d8b]
V  [jvm.dll+0x81d179]
V  [jvm.dll+0x3bb4f1]
V  [jvm.dll+0x805ae8]
V  [jvm.dll+0x44effe]
V  [jvm.dll+0x450901]
C  [jli.dll+0x52a3]
C  [ucrtbase.dll+0x37b0]
C  [KERNEL32.DLL+0x2e8d7]
C  [ntdll.dll+0x8c48c]


---------------  P R O C E S S  ---------------

Threads class SMR info:
_java_thread_list=0x00007ffee1b19b88, length=0, elements={
}

Java Threads: ( => current thread )
Total: 0

Other Threads:
  0x0000027672780b70 WorkerThread "GC Thread#0"                     [id=10552, stack(0x000000e05a700000,0x000000e05a800000) (1024K)]
  0x0000027674a6fd00 ConcurrentGCThread "G1 Main Marker"            [id=29152, stack(0x000000e05a800000,0x000000e05a900000) (1024K)]
  0x000002767277fcf0 WorkerThread "G1 Conc#0"                       [id=21720, stack(0x000000e05a900000,0x000000e05aa00000) (1024K)]

[error occurred during error reporting (printing all threads), id 0xc0000005, EXCEPTION_ACCESS_VIOLATION (0xc0000005) at pc=0x00007ffee128c2c7]
VM state: not at safepoint (not fully initialized)

VM Mutex/Monitor currently owned by a thread:  ([mutex/lock_event])
[0x00007ffee1b8a6f8] Heap_lock - owner thread: 0x00000276727a0980

Heap address: 0x000000070a800000, size: 3928 MB, Compressed Oops mode: Zero based, Oop shift amount: 3

CDS archive(s) mapped at: [0x0000000000000000-0x0000000000000000-0x0000000000000000), size 0, SharedBaseAddress: 0x0000000800000000, ArchiveRelocationMode: 1.
Narrow klass base: 0x0000000000000000, Narrow klass shift: 0, Narrow klass range: 0x0

GC Precious Log:
 CardTable entry size: 512
 Card Set container configuration: InlinePtr #cards 4 size 8 Array Of Cards #cards 16 size 48 Howl #buckets 8 coarsen threshold 3686 Howl Bitmap #cards 512 size 80 coarsen threshold 460 Card regions per heap region 1 cards per card region 4096

Heap:
 garbage-first heap   total 0K, used 0K [0x000000070a800000, 0x0000000800000000)
  region size 2048K, 0 young (0K), 0 survivors (0K)

[error occurred during error reporting (printing heap information), id 0xc0000005, EXCEPTION_ACCESS_VIOLATION (0xc0000005) at pc=0x00007ffee1671be9]
GC Heap History (0 events):
No events

Dll operation events (1 events):
Event: 0.017 Loaded shared library C:\Program Files\Java\jdk-21\bin\java.dll

Deoptimization events (0 events):
No events

Classes loaded (0 events):
No events

Classes unloaded (0 events):
No events

Classes redefined (0 events):
No events

Internal exceptions (0 events):
No events

ZGC Phase Switch (0 events):
No events

VM Operations (0 events):
No events

Events (0 events):
No events


Dynamic libraries:
0x00007ff62e490000 - 0x00007ff62e4a0000 	C:\Program Files\Java\jdk-21\bin\java.exe
0x00007fffc4c60000 - 0x00007fffc4ec7000 	C:\WINDOWS\SYSTEM32\ntdll.dll
0x00007fffc3650000 - 0x00007fffc3719000 	C:\WINDOWS\System32\KERNEL32.DLL
0x00007fffc1ba0000 - 0x00007fffc1f91000 	C:\WINDOWS\System32\KERNELBASE.dll
0x00007fffc1540000 - 0x00007fffc168b000 	C:\WINDOWS\System32\ucrtbase.dll
0x00007fffb4260000 - 0x00007fffb4279000 	C:\Program Files\Java\jdk-21\bin\jli.dll
0x00007fffb4280000 - 0x00007fffb429b000 	C:\Program Files\Java\jdk-21\bin\VCRUNTIME140.dll
0x00007fffc4710000 - 0x00007fffc47cb000 	C:\WINDOWS\System32\ADVAPI32.dll
0x00007fffc3f10000 - 0x00007fffc3fb9000 	C:\WINDOWS\System32\msvcrt.dll
0x00007fffc3180000 - 0x00007fffc3227000 	C:\WINDOWS\System32\sechost.dll
0x00007fffc3d00000 - 0x00007fffc3e18000 	C:\WINDOWS\System32\RPCRT4.dll
0x00007fffc4a50000 - 0x00007fffc4c15000 	C:\WINDOWS\System32\USER32.dll
0x00007fffc1fa0000 - 0x00007fffc1fc7000 	C:\WINDOWS\System32\win32u.dll
0x00007fffa47a0000 - 0x00007fffa4a33000 	C:\WINDOWS\WinSxS\amd64_microsoft.windows.common-controls_6595b64144ccf1df_6.0.26100.7922_none_3e089e1ee3342171\COMCTL32.dll
0x00007fffc47e0000 - 0x00007fffc480b000 	C:\WINDOWS\System32\GDI32.dll
0x00007fffc1fd0000 - 0x00007fffc20fa000 	C:\WINDOWS\System32\gdi32full.dll
0x00007fffc18b0000 - 0x00007fffc1953000 	C:\WINDOWS\System32\msvcp_win.dll
0x00007fffba630000 - 0x00007fffba63b000 	C:\WINDOWS\SYSTEM32\VERSION.dll
0x00007fffc4990000 - 0x00007fffc49c1000 	C:\WINDOWS\System32\IMM32.DLL
0x00007fffa03d0000 - 0x00007fffa03dc000 	C:\Program Files\Java\jdk-21\bin\vcruntime140_1.dll
0x00007fff7b430000 - 0x00007fff7b4be000 	C:\Program Files\Java\jdk-21\bin\msvcp140.dll
0x00007ffee0f50000 - 0x00007ffee1c65000 	C:\Program Files\Java\jdk-21\bin\server\jvm.dll
0x00007fffc3fc0000 - 0x00007fffc4034000 	C:\WINDOWS\System32\WS2_32.dll
0x00007fffc13c0000 - 0x00007fffc141e000 	C:\WINDOWS\SYSTEM32\POWRPROF.dll
0x00007fffba5f0000 - 0x00007fffba625000 	C:\WINDOWS\SYSTEM32\WINMM.dll
0x00007fffc1380000 - 0x00007fffc1394000 	C:\WINDOWS\SYSTEM32\UMPDC.dll
0x00007fffc02d0000 - 0x00007fffc02eb000 	C:\WINDOWS\SYSTEM32\kernel.appcore.dll
0x00007fffa0310000 - 0x00007fffa031a000 	C:\Program Files\Java\jdk-21\bin\jimage.dll
0x00007fffb5920000 - 0x00007fffb5b62000 	C:\WINDOWS\SYSTEM32\DBGHELP.DLL
0x00007fffc32c0000 - 0x00007fffc3642000 	C:\WINDOWS\System32\combase.dll
0x00007fffc3e30000 - 0x00007fffc3f07000 	C:\WINDOWS\System32\OLEAUT32.dll
0x00007fffa3e60000 - 0x00007fffa3e9b000 	C:\WINDOWS\SYSTEM32\dbgcore.DLL
0x00007fffc1800000 - 0x00007fffc18a5000 	C:\WINDOWS\System32\bcryptPrimitives.dll
0x00007fff84b10000 - 0x00007fff84b2f000 	C:\Program Files\Java\jdk-21\bin\java.dll

dbghelp: loaded successfully - version: 4.0.5 - missing functions: none
symbol engine: initialized successfully - sym options: 0x614 - pdb path: .;C:\Program Files\Java\jdk-21\bin;C:\WINDOWS\SYSTEM32;C:\WINDOWS\WinSxS\amd64_microsoft.windows.common-controls_6595b64144ccf1df_6.0.26100.7922_none_3e089e1ee3342171;C:\Program Files\Java\jdk-21\bin\server

VM Arguments:
jvm_args: --add-modules=ALL-DEFAULT 
java_command: jdk.compiler/com.sun.tools.javac.launcher.Main .\\InfixToPostfix.java
java_class_path (initial): .
Launcher Type: SUN_STANDARD

[Global flags]
     intx CICompilerCount                          = 4                                         {product} {ergonomic}
     uint ConcGCThreads                            = 3                                         {product} {ergonomic}
     uint G1ConcRefinementThreads                  = 10                                        {product} {ergonomic}
   size_t G1HeapRegionSize                         = 2097152                                   {product} {ergonomic}
    uintx GCDrainStackTargetSize                   = 64                                        {product} {ergonomic}
   size_t InitialHeapSize                          = 257949696                                 {product} {ergonomic}
   size_t MarkStackSize                            = 4194304                                   {product} {ergonomic}
   size_t MaxHeapSize                              = 4118806528                                {product} {ergonomic}
   size_t MinHeapDeltaBytes                        = 2097152                                   {product} {ergonomic}
   size_t MinHeapSize                              = 8388608                                   {product} {ergonomic}
    uintx NonNMethodCodeHeapSize                   = 5839372                                {pd product} {ergonomic}
    uintx NonProfiledCodeHeapSize                  = 122909434                              {pd product} {ergonomic}
    uintx ProfiledCodeHeapSize                     = 122909434                              {pd product} {ergonomic}
    uintx ReservedCodeCacheSize                    = 251658240                              {pd product} {ergonomic}
     bool SegmentedCodeCache                       = true                                      {product} {ergonomic}
   size_t SoftMaxHeapSize                          = 4118806528                             {manageable} {ergonomic}
     bool UseCompressedOops                        = true                           {product lp64_product} {ergonomic}
     bool UseG1GC                                  = true                                      {product} {ergonomic}
     bool UseLargePagesIndividualAllocation        = false                                  {pd product} {ergonomic}

Logging:
Log output configuration:
 #0: stdout all=warning uptime,level,tags foldmultilines=false
 #1: stderr all=off uptime,level,tags foldmultilines=false

Environment Variables:
PATH=D:\app\tanma\product\11.2.0\dbhome_1\bin;C:\Program Files\Common Files\Oracle\Java\javapath;C:\windows\system32;C:\windows;C:\windows\System32\Wbem;C:\windows\System32\WindowsPowerShell\v1.0\;C:\windows\System32\OpenSSH\;C:\Program Files\HP\HP One Agent;C:\git\Git\cmd;C:\Users\tanma\.config\herd\bin\nvm;C:\Program Files\nodejs;C:\WINDOWS\system32;C:\WINDOWS;C:\WINDOWS\System32\Wbem;C:\WINDOWS\System32\WindowsPowerShell\v1.0\;C:\WINDOWS\System32\OpenSSH\;C:\Program Files\Docker\Docker\resources\bin;C:\Program Files\nodejs\;C:\Users\tanma\Downloads\apache-maven-3.9.12\bin;C:\Users\tanma\Downloads\groovy-5.0.4\bin;C:\Users\tanma\.config\herd\bin;C:\Users\tanma\AppData\Local\Programs\Python\Python312\Scripts\;C:\Users\tanma\AppData\Local\Programs\Python\Python312\;C:\Users\tanma\AppData\Local\Microsoft\WindowsApps;C:\Users\tanma\AppData\Local\Programs\Microsoft VS Code\bin;C:\minGW\bin;C:\Modeltech_5.7g\win32;C:\minGW\bin;C:\Program Files\JetBrains\IntelliJ IDEA Community Edition 2023.3.2\bin;C:\Program Files\nodejs;C:\Users\tanma\AppData\Local\spicetify;C:\Users\tanma\AppData\Local\Microsoft\WindowsApps;C:\Program Files (x86)\Nmap;C:\Users\tanma\AppData\Roaming\npm;C:\Users\tanma\AppData\Local\Programs\Microsoft VS Code Insiders\bin;D:\Antigravity\bin;c:\Users\tanma\.vscode\extensions\vscjava.vscode-java-debug-0.58.5\bundled\scripts\noConfigScripts
USERNAME=tanma
LANG=en_US.UTF-8
OS=Windows_NT
PROCESSOR_IDENTIFIER=AMD64 Family 25 Model 80 Stepping 0, AuthenticAMD
TMP=C:\Users\tanma\AppData\Local\Temp
TEMP=C:\Users\tanma\AppData\Local\Temp




Periodic native trim disabled

---------------  S Y S T E M  ---------------

OS:
 Windows 11 , 64 bit Build 26100 (10.0.26100.7920)
OS uptime: 0 days 3:53 hours
Hyper-V role detected

CPU: total 12 (initial active 12) (12 cores per cpu, 2 threads per core) family 25 model 80 stepping 0 microcode 0xa50000f, cx8, cmov, fxsr, ht, mmx, 3dnowpref, sse, sse2, sse3, ssse3, sse4a, sse4.1, sse4.2, popcnt, lzcnt, tsc, tscinvbit, avx, avx2, aes, erms, clmul, bmi1, bmi2, adx, sha, fma, vzeroupper, clflush, clflushopt, hv, rdtscp, rdpid, fsrm, f16c, cet_ss
Processor Information for all 12 processors :
  Max Mhz: 3301, Current Mhz: 2011, Mhz Limit: 3301

Memory: 4k page, system-wide physical 15710M (2445M free)
TotalPageFile size 28809M (AvailPageFile size 150M)
current process WorkingSet (physical memory assigned to process): 13M, peak: 13M
current process commit charge ("private bytes"): 64M, peak: 310M

vm_info: Java HotSpot(TM) 64-Bit Server VM (21.0.1+12-LTS-29) for windows-amd64 JRE (21.0.1+12-LTS-29), built on 2023-10-05T13:27:09Z by "mach5one" with MS VC++ 17.1 (VS2022)

END.
