#
# There is insufficient memory for the Java Runtime Environment to continue.
# Native memory allocation (mmap) failed to map 65536 bytes. Error detail: Failed to commit metaspace.
# Possible reasons:
#   The system is out of physical RAM or swap space
#   This process is running with CompressedOops enabled, and the Java Heap may be blocking the growth of the native heap
# Possible solutions:
#   Reduce memory load on the system
#   Increase physical memory or swap space
#   Check if swap backing store is full
#   Decrease Java heap size (-Xmx/-Xms)
#   Decrease number of Java threads
#   Decrease Java thread stack sizes (-Xss)
#   Set larger code cache with -XX:ReservedCodeCacheSize=
#   JVM is running with Unscaled Compressed Oops mode in which the Java heap is
#     placed in the first 4GB address space. The Java Heap base address is the
#     maximum limit for the native heap growth. Please use -XX:HeapBaseMinAddress
#     to set the Java Heap base and to place the Java Heap above 4GB virtual address.
# This output file may be truncated or incomplete.
#
#  Out of Memory Error (virtualSpaceNode.cpp:113), pid=26100, tid=24612
#
# JRE version: OpenJDK Runtime Environment Temurin-21.0.9+10 (21.0.9+10) (build 21.0.9+10-LTS)
# Java VM: OpenJDK 64-Bit Server VM Temurin-21.0.9+10 (21.0.9+10-LTS, mixed mode, sharing, tiered, compressed oops, compressed class ptrs, parallel gc, windows-amd64)
# No core dump will be written. Minidumps are not enabled by default on client versions of Windows
#

---------------  S U M M A R Y ------------

Command Line: --add-modules=ALL-SYSTEM --add-opens=java.base/java.util=ALL-UNNAMED --add-opens=java.base/java.lang=ALL-UNNAMED --add-opens=java.base/sun.nio.fs=ALL-UNNAMED -Declipse.application=org.eclipse.jdt.ls.core.id1 -Dosgi.bundles.defaultStartLevel=4 -Declipse.product=org.eclipse.jdt.ls.core.product -Djava.import.generatesMetadataFilesAtProjectRoot=false -DDetectVMInstallationsJob.disabled=true -Dfile.encoding=utf8 -XX:+UseParallelGC -XX:GCTimeRatio=4 -XX:AdaptiveSizePolicyWeight=90 -Dsun.zip.disableMemoryMapping=true -Xmx2G -Xms100m -Xlog:disable -javaagent:c:\Users\tanma\.vscode\extensions\redhat.java-1.52.0-win32-x64\lombok\lombok-1.18.39-4050.jar c:\Users\tanma\.vscode\extensions\redhat.java-1.52.0-win32-x64\server\plugins\org.eclipse.equinox.launcher_1.7.100.v20251111-0406.jar -configuration c:\Users\tanma\AppData\Roaming\Code\User\globalStorage\redhat.java\1.52.0\config_ss_win -data c:\Users\tanma\AppData\Roaming\Code\User\workspaceStorage\6b540a3515ceee862cf14e229ff073f2\redhat.java\ss_ws --pipe=\\.\pipe\lsp-043feaa7a20a2e53b112ffbc3bc53003-sock

Host: AMD Ryzen 5 5600H with Radeon Graphics         , 12 cores, 15G,  Windows 11 , 64 bit Build 26100 (10.0.26100.7705)
Time: Tue Feb 10 11:05:37 2026 India Standard Time elapsed time: 3.404741 seconds (0d 0h 0m 3s)

---------------  T H R E A D  ---------------

Current thread (0x00000219ea7d3f70):  JavaThread "Start Level: Equinox Container: b7717af9-3105-49ef-8d75-7dbdfaf5c606" daemon [_thread_in_vm, id=24612, stack(0x0000002f5f400000,0x0000002f5f500000) (1024K)]

Stack: [0x0000002f5f400000,0x0000002f5f500000]
Native frames: (J=compiled Java code, j=interpreted, Vv=VM code, C=native code)
V  [jvm.dll+0x6d6e29]
V  [jvm.dll+0x8b4b76]
V  [jvm.dll+0x8b712e]
V  [jvm.dll+0x8b7813]
V  [jvm.dll+0x283d86]
V  [jvm.dll+0x8b08be]
V  [jvm.dll+0x678824]
V  [jvm.dll+0x67888a]
V  [jvm.dll+0x67b086]
V  [jvm.dll+0x67af52]
V  [jvm.dll+0x6791fe]
V  [jvm.dll+0x26dc30]
V  [jvm.dll+0x683525]
V  [jvm.dll+0x21937e]
V  [jvm.dll+0x219825]
V  [jvm.dll+0x21a218]
V  [jvm.dll+0x20f44e]
V  [jvm.dll+0x5b5a0f]
V  [jvm.dll+0x2210ce]
V  [jvm.dll+0x82d53d]
V  [jvm.dll+0x82e56b]
V  [jvm.dll+0x82eb34]
V  [jvm.dll+0x82e7c8]
V  [jvm.dll+0x2716ad]
V  [jvm.dll+0x2718ea]
V  [jvm.dll+0x5d8be7]
V  [jvm.dll+0x5dbbd6]
V  [jvm.dll+0x3e03f2]
V  [jvm.dll+0x3dfaaa]
C  0x0000021996528080

The last pc belongs to invokestatic (printed below).
Java frames: (J=compiled Java code, j=interpreted, Vv=VM code)
j  java.lang.System$LoggerFinder.lambda$accessProvider$0()Ljava/lang/System$LoggerFinder;+0 java.base@21.0.9
j  java.lang.System$LoggerFinder$$Lambda+0x00000219a40fc350.run()Ljava/lang/Object;+0 java.base@21.0.9
J 2171 c1 java.security.AccessController.executePrivileged(Ljava/security/PrivilegedAction;Ljava/security/AccessControlContext;Ljava/lang/Class;)Ljava/lang/Object; java.base@21.0.9 (65 bytes) @ 0x000002198f3cd5c4 [0x000002198f3cd460+0x0000000000000164]
j  java.security.AccessController.doPrivileged(Ljava/security/PrivilegedAction;Ljava/security/AccessControlContext;)Ljava/lang/Object;+13 java.base@21.0.9
j  java.security.AccessController.doPrivileged(Ljava/security/PrivilegedAction;Ljava/security/AccessControlContext;[Ljava/security/Permission;)Ljava/lang/Object;+48 java.base@21.0.9
j  java.lang.System$LoggerFinder.accessProvider()Ljava/lang/System$LoggerFinder;+26 java.base@21.0.9
j  java.lang.System$LoggerFinder.getLoggerFinder()Ljava/lang/System$LoggerFinder;+15 java.base@21.0.9
j  jdk.internal.logger.LazyLoggers.accessLoggerFinder()Ljava/lang/System$LoggerFinder;+16 java.base@21.0.9
j  jdk.internal.logger.LazyLoggers.getLoggerFromFinder(Ljava/lang/String;Ljava/lang/Module;)Ljava/lang/System$Logger;+8 java.base@21.0.9
j  jdk.internal.logger.LazyLoggers$1.apply(Ljava/lang/String;Ljava/lang/Module;)Ljava/lang/System$Logger;+2 java.base@21.0.9
j  jdk.internal.logger.LazyLoggers$1.apply(Ljava/lang/Object;Ljava/lang/Object;)Ljava/lang/Object;+9 java.base@21.0.9
j  jdk.internal.logger.LazyLoggers$LazyLoggerAccessor.createLogger()Ljava/lang/System$Logger;+37 java.base@21.0.9
j  jdk.internal.logger.BootstrapLogger.getLogger(Ljdk/internal/logger/LazyLoggers$LazyLoggerAccessor;Ljava/util/function/BooleanSupplier;)Ljava/lang/System$Logger;+64 java.base@21.0.9
j  jdk.internal.logger.LazyLoggers$LazyLoggerAccessor.platform()Lsun/util/logging/PlatformLogger$Bridge;+62 java.base@21.0.9
j  jdk.internal.logger.LazyLoggers$LazyLoggerAccessor.release(Ljdk/internal/logger/SimpleConsoleLogger;Z)V+66 java.base@21.0.9
j  jdk.internal.logger.BootstrapLogger$RedirectedLoggers.replaceSurrogateLoggers(Ljava/util/Map;)V+85 java.base@21.0.9
j  jdk.internal.logger.BootstrapLogger.redirectTemporaryLoggers()V+9 java.base@21.0.9
j  java.util.logging.LogManager.readPrimordialConfiguration()V+23 java.logging@21.0.9
j  java.util.logging.LogManager$2.run()Ljava/lang/Object;+87 java.logging@21.0.9
J 2240 c1 java.security.AccessController.doPrivileged(Ljava/security/PrivilegedAction;)Ljava/lang/Object; java.base@21.0.9 (9 bytes) @ 0x000002198f3f36d4 [0x000002198f3f3560+0x0000000000000174]
j  java.util.logging.LogManager.ensureLogManagerInitialized()V+101 java.logging@21.0.9
j  java.util.logging.LogManager.getLogManager()Ljava/util/logging/LogManager;+9 java.logging@21.0.9
j  java.util.logging.Logger.demandLogger(Ljava/lang/String;Ljava/lang/String;Ljava/lang/Class;)Ljava/util/logging/Logger;+0 java.logging@21.0.9
j  java.util.logging.Logger.getLogger(Ljava/lang/String;Ljava/lang/Class;)Ljava/util/logging/Logger;+3 java.logging@21.0.9
j  java.util.logging.Logger.getLogger(Ljava/lang/String;)Ljava/util/logging/Logger;+4 java.logging@21.0.9
j  com.sun.jna.Structure.<clinit>()V+5
v  ~StubRoutines::call_stub 0x000002199651100d
j  org.eclipse.core.internal.filesystem.local.Win32Handler.<clinit>()V+3
v  ~StubRoutines::call_stub 0x000002199651100d
j  org.eclipse.core.internal.filesystem.local.LocalFileNativesManager.setUsingNative(Z)Z+75
j  org.eclipse.core.internal.filesystem.local.LocalFileNativesManager.reset()V+12
j  org.eclipse.core.internal.filesystem.local.LocalFileNativesManager.<clinit>()V+0
v  ~StubRoutines::call_stub 0x000002199651100d
j  org.eclipse.core.internal.filesystem.local.LocalFile.fetchInfo(ILorg/eclipse/core/runtime/IProgressMonitor;)Lorg/eclipse/core/filesystem/IFileInfo;+4
j  org.eclipse.core.filesystem.provider.FileStore.fetchInfo()Lorg/eclipse/core/filesystem/IFileInfo;+3
j  org.eclipse.core.internal.localstore.FileSystemResourceManager.read(Lorg/eclipse/core/resources/IProject;Z)Lorg/eclipse/core/internal/resources/ProjectDescription;+494
j  org.eclipse.core.internal.resources.SaveManager.restoreMetaInfo(Lorg/eclipse/core/internal/resources/Project;Lorg/eclipse/core/runtime/IProgressMonitor;)V+26
j  org.eclipse.core.internal.resources.SaveManager.restoreMetaInfo(Lorg/eclipse/core/runtime/MultiStatus;Lorg/eclipse/core/runtime/IProgressMonitor;)V+60
j  org.eclipse.core.internal.resources.SaveManager.restore(Lorg/eclipse/core/runtime/IProgressMonitor;)V+161
j  org.eclipse.core.internal.resources.SaveManager.startup(Lorg/eclipse/core/runtime/IProgressMonitor;)V+2
j  org.eclipse.core.internal.resources.Workspace.startup(Lorg/eclipse/core/runtime/IProgressMonitor;)V+194
j  org.eclipse.core.internal.resources.Workspace.open(Lorg/eclipse/core/runtime/IProgressMonitor;)Lorg/eclipse/core/runtime/IStatus;+137
j  org.eclipse.core.resources.ResourcesPlugin$WorkspaceInitCustomizer.addingService(Lorg/osgi/framework/ServiceReference;)Lorg/eclipse/core/internal/resources/Workspace;+45
j  org.eclipse.core.resources.ResourcesPlugin$WorkspaceInitCustomizer.addingService(Lorg/osgi/framework/ServiceReference;)Ljava/lang/Object;+5
j  org.osgi.util.tracker.ServiceTracker$Tracked.customizerAdding(Lorg/osgi/framework/ServiceReference;Lorg/osgi/framework/ServiceEvent;)Ljava/lang/Object;+8
j  org.osgi.util.tracker.ServiceTracker$Tracked.customizerAdding(Ljava/lang/Object;Ljava/lang/Object;)Ljava/lang/Object;+9
j  org.osgi.util.tracker.AbstractTracked.trackAdding(Ljava/lang/Object;Ljava/lang/Object;)V+8
j  org.osgi.util.tracker.AbstractTracked.trackInitial()V+90
j  org.osgi.util.tracker.ServiceTracker.open(Z)V+198
j  org.osgi.util.tracker.ServiceTracker.open()V+2
j  org.eclipse.core.resources.ResourcesPlugin.start(Lorg/osgi/framework/BundleContext;)V+106
j  org.eclipse.osgi.internal.framework.BundleContextImpl$2.run()Ljava/lang/Void;+23
j  org.eclipse.osgi.internal.framework.BundleContextImpl$2.run()Ljava/lang/Object;+1
J 1146 c1 java.security.AccessController.executePrivileged(Ljava/security/PrivilegedExceptionAction;Ljava/security/AccessControlContext;Ljava/lang/Class;)Ljava/lang/Object; java.base@21.0.9 (65 bytes) @ 0x000002198f1aaec4 [0x000002198f1aad60+0x0000000000000164]
j  java.security.AccessController.doPrivileged(Ljava/security/PrivilegedExceptionAction;)Ljava/lang/Object;+9 java.base@21.0.9
j  org.eclipse.osgi.internal.framework.BundleContextImpl.startActivator(Lorg/osgi/framework/BundleActivator;)V+9
j  org.eclipse.osgi.internal.framework.BundleContextImpl.start()V+141
j  org.eclipse.osgi.internal.framework.EquinoxBundle.startWorker0()V+35
j  org.eclipse.osgi.internal.framework.EquinoxBundle$EquinoxModule.startWorker()V+4
j  org.eclipse.osgi.container.Module.doStart([Lorg/eclipse/osgi/container/Module$StartOptions;)Lorg/eclipse/osgi/container/ModuleContainerAdaptor$ModuleEvent;+200
j  org.eclipse.osgi.container.Module.start([Lorg/eclipse/osgi/container/Module$StartOptions;)V+460
j  org.eclipse.osgi.framework.util.SecureAction.start(Lorg/eclipse/osgi/container/Module;[Lorg/eclipse/osgi/container/Module$StartOptions;)V+8
J 2067 c1 org.eclipse.osgi.internal.hooks.EclipseLazyStarter.postFindLocalClass(Ljava/lang/String;Ljava/lang/Class;Lorg/eclipse/osgi/internal/loader/classpath/ClasspathManager;)V (394 bytes) @ 0x000002198f383c14 [0x000002198f382c40+0x0000000000000fd4]
J 2066 c1 org.eclipse.osgi.internal.loader.classpath.ClasspathManager.findLocalClass(Ljava/lang/String;)Ljava/lang/Class; (210 bytes) @ 0x000002198f381274 [0x000002198f380260+0x0000000000001014]
J 1938 c1 org.eclipse.osgi.internal.loader.BundleLoader.findLocalClass(Ljava/lang/String;)Ljava/lang/Class; (159 bytes) @ 0x000002198f347ed4 [0x000002198f3472e0+0x0000000000000bf4]
J 1898 c1 org.eclipse.osgi.internal.loader.BundleLoader.findClass0(Ljava/lang/String;ZZ)Ljava/lang/Class; (490 bytes) @ 0x000002198f33636c [0x000002198f3331e0+0x000000000000318c]
J 1854 c1 org.eclipse.osgi.internal.loader.BundleLoader.findClass(Ljava/lang/String;)Ljava/lang/Class; (8 bytes) @ 0x000002198f31fc4c [0x000002198f31fbc0+0x000000000000008c]
J 1858 c1 org.eclipse.osgi.internal.loader.ModuleClassLoader.loadClass(Ljava/lang/String;Z)Ljava/lang/Class; (36 bytes) @ 0x000002198f321b4c [0x000002198f321920+0x000000000000022c]
J 1001 c1 java.lang.ClassLoader.loadClass(Ljava/lang/String;)Ljava/lang/Class; java.base@21.0.9 (7 bytes) @ 0x000002198f169a54 [0x000002198f169940+0x0000000000000114]
v  ~StubRoutines::call_stub 0x000002199651100d
j  java.lang.Class.getDeclaredConstructors0(Z)[Ljava/lang/reflect/Constructor;+0 java.base@21.0.9
j  java.lang.Class.privateGetDeclaredConstructors(Z)[Ljava/lang/reflect/Constructor;+52 java.base@21.0.9
j  java.lang.Class.getConstructor0([Ljava/lang/Class;I)Ljava/lang/reflect/Constructor;+14 java.base@21.0.9
j  java.lang.Class.getConstructor([Ljava/lang/Class;)Ljava/lang/reflect/Constructor;+24 java.base@21.0.9
j  org.eclipse.osgi.internal.framework.BundleContextImpl.loadBundleActivator()Lorg/osgi/framework/BundleActivator;+105
j  org.eclipse.osgi.internal.framework.BundleContextImpl.start()V+18
j  org.eclipse.osgi.internal.framework.EquinoxBundle.startWorker0()V+35
j  org.eclipse.osgi.internal.framework.EquinoxBundle$EquinoxModule.startWorker()V+4
j  org.eclipse.osgi.container.Module.doStart([Lorg/eclipse/osgi/container/Module$StartOptions;)Lorg/eclipse/osgi/container/ModuleContainerAdaptor$ModuleEvent;+200
j  org.eclipse.osgi.container.Module.start([Lorg/eclipse/osgi/container/Module$StartOptions;)V+460
j  org.eclipse.osgi.container.ModuleContainer$ContainerStartLevel$2.run()V+83
j  org.eclipse.osgi.internal.framework.EquinoxContainerAdaptor$1$1.execute(Ljava/lang/Runnable;)V+1
j  org.eclipse.osgi.container.ModuleContainer$ContainerStartLevel.incStartLevel(ILjava/util/List;Z)V+193
j  org.eclipse.osgi.container.ModuleContainer$ContainerStartLevel.incStartLevel(ILjava/util/List;Ljava/util/List;Ljava/util/List;Ljava/util/List;)V+19
j  org.eclipse.osgi.container.ModuleContainer$ContainerStartLevel.doContainerStartLevel(Lorg/eclipse/osgi/container/Module;I[Lorg/osgi/framework/FrameworkListener;)V+358
j  org.eclipse.osgi.container.ModuleContainer$ContainerStartLevel.dispatchEvent(Lorg/eclipse/osgi/container/Module;[Lorg/osgi/framework/FrameworkListener;ILjava/lang/Integer;)V+32
j  org.eclipse.osgi.container.ModuleContainer$ContainerStartLevel.dispatchEvent(Ljava/lang/Object;Ljava/lang/Object;ILjava/lang/Object;)V+15
j  org.eclipse.osgi.framework.eventmgr.EventManager.dispatchEvent(Ljava/util/Set;Lorg/eclipse/osgi/framework/eventmgr/EventDispatcher;ILjava/lang/Object;)V+48
j  org.eclipse.osgi.framework.eventmgr.EventManager$EventThread.run()V+26
v  ~StubRoutines::call_stub 0x000002199651100d
invokestatic  184 invokestatic  [0x0000021996527fe0, 0x00000219965282a8]  712 bytes
[MachCode]
  0x0000021996527fe0: 4883 ec08 | c5fa 1104 | 24eb 1f48 | 83ec 10c5 | fb11 0424 | eb14 4883 | ec10 4889 | 0424 48c7 
  0x0000021996528000: 4424 0800 | 0000 00eb | 0150 4c89 | 6dc0 410f | b755 0148 | 8b4d d0c1 | e202 8b5c | d138 c1eb 
  0x0000021996528020: 1081 e3ff | 0000 0081 | fbb8 0000 | 000f 84b4 | 0000 00bb | b800 0000 | e805 0000 | 00e9 9900 
  0x0000021996528040: 0000 488b | d348 8d44 | 2408 4c89 | 6dc0 498b | cfc5 f877 | 4989 afa8 | 0300 0049 | 8987 9803 
  0x0000021996528060: 0000 4883 | ec20 40f6 | c40f 0f84 | 1900 0000 | 4883 ec08 | 48b8 40fa | efdd f97f | 0000 ffd0 
  0x0000021996528080: 4883 c408 | e90c 0000 | 0048 b840 | faef ddf9 | 7f00 00ff | d048 83c4 | 2049 c787 | 9803 0000 
  0x00000219965280a0: 0000 0000 | 49c7 87a8 | 0300 0000 | 0000 0049 | c787 a003 | 0000 0000 | 0000 c5f8 | 7749 837f 
  0x00000219965280c0: 0800 0f84 | 0500 0000 | e933 8efe | ff4c 8b6d | c04c 8b75 | c84e 8d74 | f500 c341 | 0fb7 5501 
  0x00000219965280e0: 488b 4dd0 | c1e2 0248 | 8b5c d140 | 488b 5b08 | 488b 5b08 | 488b 5b18 | 80bb 3101 | 0000 040f 
  0x0000021996528100: 840d 0000 | 004c 3bbb | 3801 0000 | 0f85 21ff | ffff 488b | 5cd1 408b | 54d1 50c1 | ea1c 49ba 
  0x0000021996528120: 40d4 7ede | f97f 0000 | 498b 14d2 | 5248 8b45 | d848 85c0 | 0f84 1200 | 0000 4883 | 4008 0148 
  0x0000021996528140: 8358 0800 | 4883 c010 | 4889 45d8 | 488b 45d8 | 4885 c00f | 843d 0100 | 0080 78f0 | 0a0f 8533 
  0x0000021996528160: 0100 0048 | 83c0 084c | 8b68 f841 | 83ed 0041 | 83fd 020f | 8c12 0100 | 004c 8b6b | 0845 0fb7 
  0x0000021996528180: 6d2e 4c2b | 2841 83ed | 014e 8b6c | ec08 4d85 | ed75 0ef6 | 4008 0175 | 58f0 4883 | 4808 01eb 
  0x00000219965281a0: 5045 8b6d | 0849 ba00 | 0000 a319 | 0200 004d | 03ea 4d8b | d54c 3368 | 0849 f7c5 | fcff ffff 
  0x00000219965281c0: 742f 41f6 | c502 7529 | 4883 7808 | 0074 1e48 | 8378 0801 | 7417 4d8b | ea4c 3368 | 0849 f7c5 
  0x00000219965281e0: fcff ffff | 740b 4883 | 4808 02eb | 044c 8968 | 0848 83c0 | 104c 8b68 | e841 83ed | 0241 83fd 
  0x0000021996528200: 020f 8c84 | 0000 004c | 8b6b 0845 | 0fb7 6d2e | 4c2b 2841 | 83ed 014e | 8b6c ec08 | 4d85 ed75 
  0x0000021996528220: 0ef6 4008 | 0175 58f0 | 4883 4808 | 01eb 5045 | 8b6d 0849 | ba00 0000 | a319 0200 | 004d 03ea 
  0x0000021996528240: 4d8b d54c | 3368 0849 | f7c5 fcff | ffff 742f | 41f6 c502 | 7529 4883 | 7808 0074 | 1e48 8378 
  0x0000021996528260: 0801 7417 | 4d8b ea4c | 3368 0849 | f7c5 fcff | ffff 740b | 4883 4808 | 02eb 044c | 8968 0848 
  0x0000021996528280: 83c0 104c | 8b68 d841 | 83ed 0441 | c1e5 0349 | 03c5 4889 | 45d8 4c8d | 6c24 084c | 896d f0ff 
  0x00000219965282a0: 6350 660f | 1f44 0000 
[/MachCode]

Compiled method (c1) 3466 2171       3       java.security.AccessController::executePrivileged (65 bytes)
 total in heap  [0x000002198f3cd290,0x000002198f3cd880] = 1520
 relocation     [0x000002198f3cd3f0,0x000002198f3cd458] = 104
 main code      [0x000002198f3cd460,0x000002198f3cd708] = 680
 stub code      [0x000002198f3cd708,0x000002198f3cd760] = 88
 metadata       [0x000002198f3cd760,0x000002198f3cd770] = 16
 scopes data    [0x000002198f3cd770,0x000002198f3cd7e8] = 120
 scopes pcs     [0x000002198f3cd7e8,0x000002198f3cd868] = 128
 dependencies   [0x000002198f3cd868,0x000002198f3cd870] = 8
 nul chk table  [0x000002198f3cd870,0x000002198f3cd880] = 16

[Constant Pool (empty)]

[MachCode]
[Verified Entry Point]
  # {method} {0x00000219a3472548} 'executePrivileged' '(Ljava/security/PrivilegedAction;Ljava/security/AccessControlContext;Ljava/lang/Class;)Ljava/lang/Object;' in 'java/security/AccessController'
  # parm0:    rdx:rdx   = 'java/security/PrivilegedAction'
  # parm1:    r8:r8     = 'java/security/AccessControlContext'
  # parm2:    r9:r9     = 'java/lang/Class'
  #           [sp+0x50]  (sp of caller)
  0x000002198f3cd460: 8984 2400 | 80ff ff55 | 4883 ec40 | 4181 7f20 | 0100 0000 

  0x000002198f3cd474: ;   {runtime_call StubRoutines (final stubs)}
  0x000002198f3cd474: 7405 e865 | b517 074c | 8944 2430 

  0x000002198f3cd480: ;   {metadata(method data for {method} {0x00000219a3472548} 'executePrivileged' '(Ljava/security/PrivilegedAction;Ljava/security/AccessControlContext;Ljava/lang/Class;)Ljava/lang/Object;' in 'java/security/AccessController')}
  0x000002198f3cd480: 48be b083 | 08e6 1902 | 0000 8bbe | cc00 0000 | 83c7 0289 | becc 0000 | 0081 e7fe | 0700 0085 
  0x000002198f3cd4a0: ff0f 84bf | 0100 004d 

  0x000002198f3cd4a8: ;   {metadata(method data for {method} {0x00000219a3472548} 'executePrivileged' '(Ljava/security/PrivilegedAction;Ljava/security/AccessControlContext;Ljava/lang/Class;)Ljava/lang/Object;' in 'java/security/AccessController')}
  0x000002198f3cd4a8: 85c0 48be | b083 08e6 | 1902 0000 | 48c7 c710 | 0100 0074 | 0748 c7c7 | 2001 0000 | 488b 1c3e 
  0x000002198f3cd4c8: 488d 5b01 | 4889 1c3e | 4c89 4c24 | 2848 8954 | 2420 0f84 | 2400 0000 

  0x000002198f3cd4e0: ;   {metadata(method data for {method} {0x00000219a3472548} 'executePrivileged' '(Ljava/security/PrivilegedAction;Ljava/security/AccessControlContext;Ljava/lang/Class;)Ljava/lang/Object;' in 'java/security/AccessController')}
  0x000002198f3cd4e0: 48be b083 | 08e6 1902 | 0000 4883 | 8630 0100 | 0001 498b 

  0x000002198f3cd4f4: ;   {static_call}
  0x000002198f3cd4f4: d066 90e8 

  0x000002198f3cd4f8: ; ImmutableOopMap {[32]=Oop [40]=Oop [48]=Oop }
                      ;*invokestatic ensureMaterializedForStackWalk {reexecute=0 rethrow=0 return_oop=0}
                      ; - java.security.AccessController::executePrivileged@5
  0x000002198f3cd4f8: 6476 7507 

  0x000002198f3cd4fc: ;   {other}
  0x000002198f3cd4fc: 0f1f 8400 | 6c02 0000 

  0x000002198f3cd504: ;   {metadata(method data for {method} {0x00000219a3472548} 'executePrivileged' '(Ljava/security/PrivilegedAction;Ljava/security/AccessControlContext;Ljava/lang/Class;)Ljava/lang/Object;' in 'java/security/AccessController')}
  0x000002198f3cd504: 48ba b083 | 08e6 1902 | 0000 ff82 | 4001 0000 | 488b 5424 | 2048 3b02 

  0x000002198f3cd51c: ;   {metadata(method data for {method} {0x00000219a3472548} 'executePrivileged' '(Ljava/security/PrivilegedAction;Ljava/security/AccessControlContext;Ljava/lang/Class;)Ljava/lang/Object;' in 'java/security/AccessController')}
  0x000002198f3cd51c: 488b f248 | bfb0 8308 | e619 0200 | 008b 7608 | 49ba 0000 | 00a3 1902 | 0000 4903 | f248 3bb7 
  0x000002198f3cd53c: b001 0000 | 750d 4883 | 87b8 0100 | 0001 e960 | 0000 0048 | 3bb7 c001 | 0000 750d | 4883 87c8 
  0x000002198f3cd55c: 0100 0001 | e94a 0000 | 0048 83bf | b001 0000 | 0075 1748 | 89b7 b001 | 0000 48c7 | 87b8 0100 
  0x000002198f3cd57c: 0001 0000 | 00e9 2900 | 0000 4883 | bfc0 0100 | 0000 7517 | 4889 b7c0 | 0100 0048 | c787 c801 
  0x000002198f3cd59c: 0000 0100 | 0000 e908 | 0000 0048 | 8387 a001 | 0000 0166 | 0f1f 4400 | 0048 b820 | d8b9 ea19 
  0x000002198f3cd5bc: ;   {virtual_call}
  0x000002198f3cd5bc: 0200 00e8 

  0x000002198f3cd5c0: ; ImmutableOopMap {[40]=Oop [48]=Oop }
                      ;*invokeinterface run {reexecute=0 rethrow=0 return_oop=0}
                      ; - java.security.AccessController::executePrivileged@29
  0x000002198f3cd5c0: cc96 2407 

  0x000002198f3cd5c4: ;   {other}
  0x000002198f3cd5c4: 0f1f 8400 | 3403 0001 

  0x000002198f3cd5cc: ;   {metadata(method data for {method} {0x00000219a3472548} 'executePrivileged' '(Ljava/security/PrivilegedAction;Ljava/security/AccessControlContext;Ljava/lang/Class;)Ljava/lang/Object;' in 'java/security/AccessController')}
  0x000002198f3cd5cc: 48be b083 | 08e6 1902 | 0000 ff86 | d801 0000 | 4c8b 4c24 

  0x000002198f3cd5e0: ;   {metadata(method data for {method} {0x00000219a3472548} 'executePrivileged' '(Ljava/security/PrivilegedAction;Ljava/security/AccessControlContext;Ljava/lang/Class;)Ljava/lang/Object;' in 'java/security/AccessController')}
  0x000002198f3cd5e0: 2848 beb0 | 8308 e619 | 0200 0048 | 8386 3802 

  0x000002198f3cd5f0: ;   {metadata(method data for {method} {0x00000219a303d898} 'reachabilityFence' '(Ljava/lang/Object;)V' in 'java/lang/ref/Reference')}
  0x000002198f3cd5f0: 0000 0148 | bea0 cd05 | e619 0200 | 008b becc | 0000 0083 | c702 89be | cc00 0000 | 81e7 feff 
  0x000002198f3cd610: 1f00 85ff | 0f84 7200 

  0x000002198f3cd618: ;   {metadata(method data for {method} {0x00000219a3472548} 'executePrivileged' '(Ljava/security/PrivilegedAction;Ljava/security/AccessControlContext;Ljava/lang/Class;)Ljava/lang/Object;' in 'java/security/AccessController')}
  0x000002198f3cd618: 0000 48be | b083 08e6 | 1902 0000 | 4883 8648 | 0200 0001 

  0x000002198f3cd62c: ;   {metadata(method data for {method} {0x00000219a303d898} 'reachabilityFence' '(Ljava/lang/Object;)V' in 'java/lang/ref/Reference')}
  0x000002198f3cd62c: 48be a0cd | 05e6 1902 | 0000 8bbe | cc00 0000 | 83c7 0289 | becc 0000 | 0081 e7fe | ff1f 0085 
  0x000002198f3cd64c: ff0f 845a | 0000 0048 | 83c4 405d 

  0x000002198f3cd658: ;   {poll_return}
  0x000002198f3cd658: 493b a748 | 0400 000f | 8766 0000 

  0x000002198f3cd664: ;   {metadata({method} {0x00000219a3472548} 'executePrivileged' '(Ljava/security/PrivilegedAction;Ljava/security/AccessControlContext;Ljava/lang/Class;)Ljava/lang/Object;' in 'java/security/AccessController')}
  0x000002198f3cd664: 00c3 49ba | 4025 47a3 | 1902 0000 | 4c89 5424 | 0848 c704 | 24ff ffff 

  0x000002198f3cd67c: ;   {runtime_call counter_overflow Runtime1 stub}
  0x000002198f3cd67c: ffe8 7e63 

  0x000002198f3cd680: ; ImmutableOopMap {rdx=Oop r8=Oop r9=Oop [48]=Oop }
                      ;*synchronization entry
                      ; - java.security.AccessController::executePrivileged@-1
  0x000002198f3cd680: 2407 e920 

  0x000002198f3cd684: ;   {runtime_call throw_null_pointer_exception Runtime1 stub}
  0x000002198f3cd684: feff ffe8 

  0x000002198f3cd688: ; ImmutableOopMap {rdx=Oop [40]=Oop [48]=Oop }
                      ;*invokeinterface run {reexecute=0 rethrow=0 return_oop=0}
                      ; - java.security.AccessController::executePrivileged@29
  0x000002198f3cd688: 74fb 2307 

  0x000002198f3cd68c: ;   {metadata({method} {0x00000219a303d898} 'reachabilityFence' '(Ljava/lang/Object;)V' in 'java/lang/ref/Reference')}
  0x000002198f3cd68c: 49ba 90d8 | 03a3 1902 | 0000 4c89 | 5424 0848 | c704 24ff 

  0x000002198f3cd6a0: ;   {runtime_call counter_overflow Runtime1 stub}
  0x000002198f3cd6a0: ffff ffe8 

  0x000002198f3cd6a4: ; ImmutableOopMap {rax=Oop r9=Oop }
                      ;*synchronization entry
                      ; - java.lang.ref.Reference::reachabilityFence@-1
                      ; - java.security.AccessController::executePrivileged@56
  0x000002198f3cd6a4: 5863 2407 | e96d ffff 

  0x000002198f3cd6ac: ;   {metadata({method} {0x00000219a303d898} 'reachabilityFence' '(Ljava/lang/Object;)V' in 'java/lang/ref/Reference')}
  0x000002198f3cd6ac: ff49 ba90 | d803 a319 | 0200 004c | 8954 2408 | 48c7 0424 | ffff ffff 

  0x000002198f3cd6c4: ;   {runtime_call counter_overflow Runtime1 stub}
  0x000002198f3cd6c4: e837 6324 

  0x000002198f3cd6c8: ; ImmutableOopMap {rax=Oop }
                      ;*synchronization entry
                      ; - java.lang.ref.Reference::reachabilityFence@-1
                      ; - java.security.AccessController::executePrivileged@60
                      ;   {internal_word}
  0x000002198f3cd6c8: 07eb 8849 | ba58 d63c | 8f19 0200 | 004d 8997 | 6004 0000 

  0x000002198f3cd6dc: ;   {runtime_call SafepointBlob}
  0x000002198f3cd6dc: e91f 7419 | 0749 8b87 | f804 0000 | 49c7 87f8 | 0400 0000 | 0000 0049 | c787 0005 | 0000 0000 
  0x000002198f3cd6fc: 0000 4883 

  0x000002198f3cd700: ;   {runtime_call unwind_exception Runtime1 stub}
  0x000002198f3cd700: c440 5de9 | f8eb 2307 
[Stub Code]
  0x000002198f3cd708: ;   {no_reloc}
  0x000002198f3cd708: 0f1f 4400 

  0x000002198f3cd70c: ;   {static_stub}
  0x000002198f3cd70c: 0048 bb00 | 0000 0000 

  0x000002198f3cd714: ;   {runtime_call nmethod}
  0x000002198f3cd714: 0000 00e9 | fbff ffff 

  0x000002198f3cd71c: ;   {static_stub}
  0x000002198f3cd71c: 48bb 0000 | 0000 0000 

  0x000002198f3cd724: ;   {runtime_call nmethod}
  0x000002198f3cd724: 0000 e9fb 

  0x000002198f3cd728: ;   {runtime_call handle_exception_from_callee Runtime1 stub}
  0x000002198f3cd728: ffff ffe8 | d018 2407 

  0x000002198f3cd730: ;   {external_word}
  0x000002198f3cd730: 48b9 2053 | 52de f97f | 0000 4883 

  0x000002198f3cd73c: ;   {runtime_call}
  0x000002198f3cd73c: e4f0 48b8 | 90b7 14de | f97f 0000 

  0x000002198f3cd748: ;   {section_word}
  0x000002198f3cd748: ffd0 f449 | ba4b d73c | 8f19 0200 

  0x000002198f3cd754: ;   {runtime_call DeoptimizationBlob}
  0x000002198f3cd754: 0041 52e9 | 4466 1907 | f4f4 f4f4 
[/MachCode]


Compiled method (c1) 3484 2240       3       java.security.AccessController::doPrivileged (9 bytes)
 total in heap  [0x000002198f3f3390,0x000002198f3f39d8] = 1608
 relocation     [0x000002198f3f34f0,0x000002198f3f3560] = 112
 main code      [0x000002198f3f3560,0x000002198f3f3840] = 736
 stub code      [0x000002198f3f3840,0x000002198f3f3898] = 88
 metadata       [0x000002198f3f3898,0x000002198f3f38b0] = 24
 scopes data    [0x000002198f3f38b0,0x000002198f3f3930] = 128
 scopes pcs     [0x000002198f3f3930,0x000002198f3f39c0] = 144
 dependencies   [0x000002198f3f39c0,0x000002198f3f39c8] = 8
 nul chk table  [0x000002198f3f39c8,0x000002198f3f39d8] = 16

[Constant Pool (empty)]

[MachCode]
[Verified Entry Point]
  # {method} {0x00000219a3472160} 'doPrivileged' '(Ljava/security/PrivilegedAction;)Ljava/lang/Object;' in 'java/security/AccessController'
  # parm0:    rdx:rdx   = 'java/security/PrivilegedAction'
  #           [sp+0x70]  (sp of caller)
  0x000002198f3f3560: 8984 2400 | 80ff ff55 | 4883 ec60 | 4181 7f20 | 0100 0000 

  0x000002198f3f3574: ;   {runtime_call StubRoutines (final stubs)}
  0x000002198f3f3574: 7405 e865 

  0x000002198f3f3578: ;   {metadata(method data for {method} {0x00000219a3472160} 'doPrivileged' '(Ljava/security/PrivilegedAction;)Ljava/lang/Object;' in 'java/security/AccessController')}
  0x000002198f3f3578: 5415 0748 | be40 8208 | e619 0200 | 008b becc | 0000 0083 | c702 89be | cc00 0000 | 81e7 fe07 
  0x000002198f3f3598: 0000 85ff | 0f84 d401 | 0000 4889 

  0x000002198f3f35a4: ;   {metadata(method data for {method} {0x00000219a3472160} 'doPrivileged' '(Ljava/security/PrivilegedAction;)Ljava/lang/Object;' in 'java/security/AccessController')}
  0x000002198f3f35a4: 5424 4048 | be40 8208 | e619 0200 | 0048 8386 | 1001 0000 | 0166 0f1f 

  0x000002198f3f35bc: ;   {static_call}
  0x000002198f3f35bc: 4400 00e8 

  0x000002198f3f35c0: ; ImmutableOopMap {[64]=Oop }
                      ;*invokestatic getCallerClass {reexecute=0 rethrow=0 return_oop=0}
                      ; - java.security.AccessController::doPrivileged@2
  0x000002198f3f35c0: 9c18 6e07 

  0x000002198f3f35c4: ;   {other}
  0x000002198f3f35c4: 0f1f 8400 | 3402 0000 

  0x000002198f3f35cc: ;   {metadata(method data for {method} {0x00000219a3472160} 'doPrivileged' '(Ljava/security/PrivilegedAction;)Ljava/lang/Object;' in 'java/security/AccessController')}
  0x000002198f3f35cc: 48ba 4082 | 08e6 1902 | 0000 4883 | 8220 0100 

  0x000002198f3f35dc: ;   {metadata(method data for {method} {0x00000219a3472548} 'executePrivileged' '(Ljava/security/PrivilegedAction;Ljava/security/AccessControlContext;Ljava/lang/Class;)Ljava/lang/Object;' in 'java/security/AccessController')}
  0x000002198f3f35dc: 0001 48ba | b083 08e6 | 1902 0000 | 8bb2 cc00 | 0000 83c6 | 0289 b2cc | 0000 0081 | e6fe ff1f 
  0x000002198f3f35fc: 0085 f60f | 8492 0100 

  0x000002198f3f3604: ;   {metadata(method data for {method} {0x00000219a3472548} 'executePrivileged' '(Ljava/security/PrivilegedAction;Ljava/security/AccessControlContext;Ljava/lang/Class;)Ljava/lang/Object;' in 'java/security/AccessController')}
  0x000002198f3f3604: 0048 bab0 | 8308 e619 | 0200 00ff | 8210 0100 

  0x000002198f3f3614: ;   {metadata(method data for {method} {0x00000219a3472548} 'executePrivileged' '(Ljava/security/PrivilegedAction;Ljava/security/AccessControlContext;Ljava/lang/Class;)Ljava/lang/Object;' in 'java/security/AccessController')}
  0x000002198f3f3614: 0048 bab0 | 8308 e619 | 0200 00ff | 8240 0100 | 0048 8944 | 2448 488b | 5424 4048 | 3b02 488b 
  0x000002198f3f3634: ;   {metadata(method data for {method} {0x00000219a3472548} 'executePrivileged' '(Ljava/security/PrivilegedAction;Ljava/security/AccessControlContext;Ljava/lang/Class;)Ljava/lang/Object;' in 'java/security/AccessController')}
  0x000002198f3f3634: f248 bfb0 | 8308 e619 | 0200 008b | 7608 49ba | 0000 00a3 | 1902 0000 | 4903 f248 | 3bb7 b001 
  0x000002198f3f3654: 0000 750d | 4883 87b8 | 0100 0001 | e960 0000 | 0048 3bb7 | c001 0000 | 750d 4883 | 87c8 0100 
  0x000002198f3f3674: 0001 e94a | 0000 0048 | 83bf b001 | 0000 0075 | 1748 89b7 | b001 0000 | 48c7 87b8 | 0100 0001 
  0x000002198f3f3694: 0000 00e9 | 2900 0000 | 4883 bfc0 | 0100 0000 | 7517 4889 | b7c0 0100 | 0048 c787 | c801 0000 
  0x000002198f3f36b4: 0100 0000 | e908 0000 | 0048 8387 | a001 0000 | 0148 b8c0 | d7b9 ea19 

  0x000002198f3f36cc: ;   {virtual_call}
  0x000002198f3f36cc: 0200 00e8 

  0x000002198f3f36d0: ; ImmutableOopMap {[72]=Oop }
                      ;*invokeinterface run {reexecute=0 rethrow=0 return_oop=0}
                      ; - java.security.AccessController::executePrivileged@29
                      ; - java.security.AccessController::doPrivileged@5
  0x000002198f3f36d0: 4c7e 1607 

  0x000002198f3f36d4: ;   {other}
  0x000002198f3f36d4: 0f1f 8400 | 4403 0001 

  0x000002198f3f36dc: ;   {metadata(method data for {method} {0x00000219a3472548} 'executePrivileged' '(Ljava/security/PrivilegedAction;Ljava/security/AccessControlContext;Ljava/lang/Class;)Ljava/lang/Object;' in 'java/security/AccessController')}
  0x000002198f3f36dc: 48be b083 | 08e6 1902 | 0000 ff86 | d801 0000 | 488b 7424 

  0x000002198f3f36f0: ;   {metadata(method data for {method} {0x00000219a3472548} 'executePrivileged' '(Ljava/security/PrivilegedAction;Ljava/security/AccessControlContext;Ljava/lang/Class;)Ljava/lang/Object;' in 'java/security/AccessController')}
  0x000002198f3f36f0: 4848 bfb0 | 8308 e619 | 0200 0048 | 8387 3802 

  0x000002198f3f3700: ;   {metadata(method data for {method} {0x00000219a303d898} 'reachabilityFence' '(Ljava/lang/Object;)V' in 'java/lang/ref/Reference')}
  0x000002198f3f3700: 0000 0148 | bfa0 cd05 | e619 0200 | 008b 9fcc | 0000 0083 | c302 899f | cc00 0000 | 81e3 feff 
  0x000002198f3f3720: 1f00 85db | 0f84 9300 

  0x000002198f3f3728: ;   {metadata(method data for {method} {0x00000219a3472548} 'executePrivileged' '(Ljava/security/PrivilegedAction;Ljava/security/AccessControlContext;Ljava/lang/Class;)Ljava/lang/Object;' in 'java/security/AccessController')}
  0x000002198f3f3728: 0000 48be | b083 08e6 | 1902 0000 | 4883 8648 | 0200 0001 

  0x000002198f3f373c: ;   {metadata(method data for {method} {0x00000219a303d898} 'reachabilityFence' '(Ljava/lang/Object;)V' in 'java/lang/ref/Reference')}
  0x000002198f3f373c: 48be a0cd | 05e6 1902 | 0000 8bbe | cc00 0000 | 83c7 0289 | becc 0000 | 0081 e7fe | ff1f 0085 
  0x000002198f3f375c: ff0f 847b | 0000 0048 | 83c4 605d 

  0x000002198f3f3768: ;   {poll_return}
  0x000002198f3f3768: 493b a748 | 0400 000f | 878a 0000 

  0x000002198f3f3774: ;   {metadata({method} {0x00000219a3472160} 'doPrivileged' '(Ljava/security/PrivilegedAction;)Ljava/lang/Object;' in 'java/security/AccessController')}
  0x000002198f3f3774: 00c3 49ba | 5821 47a3 | 1902 0000 | 4c89 5424 | 0848 c704 | 24ff ffff 

  0x000002198f3f378c: ;   {runtime_call counter_overflow Runtime1 stub}
  0x000002198f3f378c: ffe8 6e02 

  0x000002198f3f3790: ; ImmutableOopMap {rdx=Oop }
                      ;*synchronization entry
                      ; - java.security.AccessController::doPrivileged@-1
  0x000002198f3f3790: 2207 e90b 

  0x000002198f3f3794: ;   {metadata({method} {0x00000219a3472548} 'executePrivileged' '(Ljava/security/PrivilegedAction;Ljava/security/AccessControlContext;Ljava/lang/Class;)Ljava/lang/Object;' in 'java/security/AccessController')}
  0x000002198f3f3794: feff ff49 | ba40 2547 | a319 0200 | 004c 8954 | 2408 48c7 | 0424 ffff 

  0x000002198f3f37ac: ;   {runtime_call counter_overflow Runtime1 stub}
  0x000002198f3f37ac: ffff e84d 

  0x000002198f3f37b0: ; ImmutableOopMap {rax=Oop [64]=Oop }
                      ;*synchronization entry
                      ; - java.security.AccessController::executePrivileged@-1
                      ; - java.security.AccessController::doPrivileged@5
  0x000002198f3f37b0: 0222 07e9 | 4dfe ffff 

  0x000002198f3f37b8: ;   {runtime_call throw_null_pointer_exception Runtime1 stub}
  0x000002198f3f37b8: e843 9a21 

  0x000002198f3f37bc: ; ImmutableOopMap {rdx=Oop [72]=Oop }
                      ;*invokeinterface run {reexecute=0 rethrow=0 return_oop=0}
                      ; - java.security.AccessController::executePrivileged@29
                      ; - java.security.AccessController::doPrivileged@5
                      ;   {metadata({method} {0x00000219a303d898} 'reachabilityFence' '(Ljava/lang/Object;)V' in 'java/lang/ref/Reference')}
  0x000002198f3f37bc: 0749 ba90 | d803 a319 | 0200 004c | 8954 2408 | 48c7 0424 | ffff ffff 

  0x000002198f3f37d4: ;   {runtime_call counter_overflow Runtime1 stub}
  0x000002198f3f37d4: e827 0222 

  0x000002198f3f37d8: ; ImmutableOopMap {rax=Oop rsi=Oop }
                      ;*synchronization entry
                      ; - java.lang.ref.Reference::reachabilityFence@-1
                      ; - java.security.AccessController::executePrivileged@56
                      ; - java.security.AccessController::doPrivileged@5
  0x000002198f3f37d8: 07e9 4cff 

  0x000002198f3f37dc: ;   {metadata({method} {0x00000219a303d898} 'reachabilityFence' '(Ljava/lang/Object;)V' in 'java/lang/ref/Reference')}
  0x000002198f3f37dc: ffff 49ba | 90d8 03a3 | 1902 0000 | 4c89 5424 | 0848 c704 | 24ff ffff 

  0x000002198f3f37f4: ;   {runtime_call counter_overflow Runtime1 stub}
  0x000002198f3f37f4: ffe8 0602 

  0x000002198f3f37f8: ; ImmutableOopMap {rax=Oop }
                      ;*synchronization entry
                      ; - java.lang.ref.Reference::reachabilityFence@-1
                      ; - java.security.AccessController::executePrivileged@60
                      ; - java.security.AccessController::doPrivileged@5
  0x000002198f3f37f8: 2207 e964 

  0x000002198f3f37fc: ;   {internal_word}
  0x000002198f3f37fc: ffff ff49 | ba68 373f | 8f19 0200 | 004d 8997 | 6004 0000 

  0x000002198f3f3810: ;   {runtime_call SafepointBlob}
  0x000002198f3f3810: e9eb 1217 | 0749 8b87 | f804 0000 | 49c7 87f8 | 0400 0000 | 0000 0049 | c787 0005 | 0000 0000 
  0x000002198f3f3830: 0000 4883 

  0x000002198f3f3834: ;   {runtime_call unwind_exception Runtime1 stub}
  0x000002198f3f3834: c460 5de9 | c48a 2107 | f4f4 f4f4 
[Stub Code]
  0x000002198f3f3840: ;   {no_reloc}
  0x000002198f3f3840: 0f1f 4400 

  0x000002198f3f3844: ;   {static_stub}
  0x000002198f3f3844: 0048 bb00 | 0000 0000 

  0x000002198f3f384c: ;   {runtime_call nmethod}
  0x000002198f3f384c: 0000 00e9 | fbff ffff 

  0x000002198f3f3854: ;   {static_stub}
  0x000002198f3f3854: 48bb 0000 | 0000 0000 

  0x000002198f3f385c: ;   {runtime_call nmethod}
  0x000002198f3f385c: 0000 e9fb 

  0x000002198f3f3860: ;   {runtime_call handle_exception_from_callee Runtime1 stub}
  0x000002198f3f3860: ffff ffe8 | 98b7 2107 

  0x000002198f3f3868: ;   {external_word}
  0x000002198f3f3868: 48b9 2053 | 52de f97f | 0000 4883 

  0x000002198f3f3874: ;   {runtime_call}
  0x000002198f3f3874: e4f0 48b8 | 90b7 14de | f97f 0000 

  0x000002198f3f3880: ;   {section_word}
  0x000002198f3f3880: ffd0 f449 | ba83 383f | 8f19 0200 

  0x000002198f3f388c: ;   {runtime_call DeoptimizationBlob}
  0x000002198f3f388c: 0041 52e9 | 0c05 1707 | f4f4 f4f4 
[/MachCode]


---------------  P R O C E S S  ---------------

Threads class SMR info:
_java_thread_list=0x00000219eaba3310, length=18, elements={
0x000002198bddba80, 0x000002198be801b0, 0x000002198be833d0, 0x000002198be85f20,
0x000002198be88a20, 0x000002198be8b960, 0x000002198be95110, 0x000002198be9a620,
0x000002198be9c470, 0x00000219e4df59c0, 0x00000219e4ec55a0, 0x00000219e4da9da0,
0x00000219ea7d3910, 0x00000219ea7d3f70, 0x00000219ea9b93b0, 0x00000219ea810460,
0x00000219ea8ceaa0, 0x00000219eabb7910
}

Java Threads: ( => current thread )
  0x000002198bddba80 JavaThread "main"                              [_thread_blocked, id=22348, stack(0x0000002f5dd00000,0x0000002f5de00000) (1024K)]
  0x000002198be801b0 JavaThread "Reference Handler"          daemon [_thread_blocked, id=25500, stack(0x0000002f5e100000,0x0000002f5e200000) (1024K)]
  0x000002198be833d0 JavaThread "Finalizer"                  daemon [_thread_blocked, id=28684, stack(0x0000002f5e200000,0x0000002f5e300000) (1024K)]
  0x000002198be85f20 JavaThread "Signal Dispatcher"          daemon [_thread_blocked, id=22508, stack(0x0000002f5e300000,0x0000002f5e400000) (1024K)]
  0x000002198be88a20 JavaThread "Attach Listener"            daemon [_thread_blocked, id=27156, stack(0x0000002f5e400000,0x0000002f5e500000) (1024K)]
  0x000002198be8b960 JavaThread "Service Thread"             daemon [_thread_blocked, id=22620, stack(0x0000002f5e500000,0x0000002f5e600000) (1024K)]
  0x000002198be95110 JavaThread "Monitor Deflation Thread"   daemon [_thread_blocked, id=17564, stack(0x0000002f5e600000,0x0000002f5e700000) (1024K)]
  0x000002198be9a620 JavaThread "C2 CompilerThread0"         daemon [_thread_blocked, id=15812, stack(0x0000002f5e700000,0x0000002f5e800000) (1024K)]
  0x000002198be9c470 JavaThread "C1 CompilerThread0"         daemon [_thread_blocked, id=1884, stack(0x0000002f5e800000,0x0000002f5e900000) (1024K)]
  0x00000219e4df59c0 JavaThread "Common-Cleaner"             daemon [_thread_blocked, id=21744, stack(0x0000002f5ea00000,0x0000002f5eb00000) (1024K)]
  0x00000219e4ec55a0 JavaThread "Notification Thread"        daemon [_thread_blocked, id=16072, stack(0x0000002f5eb00000,0x0000002f5ec00000) (1024K)]
  0x00000219e4da9da0 JavaThread "Active Thread: Equinox Container: b7717af9-3105-49ef-8d75-7dbdfaf5c606"        [_thread_blocked, id=14780, stack(0x0000002f5e900000,0x0000002f5ea00000) (1024K)]
  0x00000219ea7d3910 JavaThread "Framework Event Dispatcher: Equinox Container: b7717af9-3105-49ef-8d75-7dbdfaf5c606" daemon [_thread_blocked, id=19616, stack(0x0000002f5f300000,0x0000002f5f400000) (1024K)]
=>0x00000219ea7d3f70 JavaThread "Start Level: Equinox Container: b7717af9-3105-49ef-8d75-7dbdfaf5c606" daemon [_thread_in_vm, id=24612, stack(0x0000002f5f400000,0x0000002f5f500000) (1024K)]
  0x00000219ea9b93b0 JavaThread "SCR Component Actor"        daemon [_thread_blocked, id=28536, stack(0x0000002f5f600000,0x0000002f5f700000) (1024K)]
  0x00000219ea810460 JavaThread "Worker-JM"                         [_thread_blocked, id=21280, stack(0x0000002f5f700000,0x0000002f5f800000) (1024K)]
  0x00000219ea8ceaa0 JavaThread "C2 CompilerThread1"         daemon [_thread_blocked, id=27664, stack(0x0000002f5ec00000,0x0000002f5ed00000) (1024K)]
  0x00000219eabb7910 JavaThread "C2 CompilerThread2"         daemon [_thread_blocked, id=4740, stack(0x0000002f5fa00000,0x0000002f5fb00000) (1024K)]
Total: 18

Other Threads:
  0x000002198be7e740 VMThread "VM Thread"                           [id=27736, stack(0x0000002f5e000000,0x0000002f5e100000) (1024K)]
  0x000002198bc6cb20 WatcherThread "VM Periodic Task Thread"        [id=27204, stack(0x0000002f5df00000,0x0000002f5e000000) (1024K)]
  0x000002198bdfacf0 WorkerThread "GC Thread#0"                     [id=24912, stack(0x0000002f5de00000,0x0000002f5df00000) (1024K)]
  0x00000219ea5694e0 WorkerThread "GC Thread#1"                     [id=17276, stack(0x0000002f5ed00000,0x0000002f5ee00000) (1024K)]
  0x00000219ea909230 WorkerThread "GC Thread#2"                     [id=28200, stack(0x0000002f5ee00000,0x0000002f5ef00000) (1024K)]
  0x00000219ea9095d0 WorkerThread "GC Thread#3"                     [id=23600, stack(0x0000002f5ef00000,0x0000002f5f000000) (1024K)]
  0x00000219ea6ead10 WorkerThread "GC Thread#4"                     [id=26928, stack(0x0000002f5f000000,0x0000002f5f100000) (1024K)]
  0x00000219ea6eb0b0 WorkerThread "GC Thread#5"                     [id=17388, stack(0x0000002f5f100000,0x0000002f5f200000) (1024K)]
  0x00000219ea6eb450 WorkerThread "GC Thread#6"                     [id=21712, stack(0x0000002f5f200000,0x0000002f5f300000) (1024K)]
  0x00000219ea007ce0 WorkerThread "GC Thread#7"                     [id=28132, stack(0x0000002f5f500000,0x0000002f5f600000) (1024K)]
  0x00000219ea840130 WorkerThread "GC Thread#8"                     [id=28172, stack(0x0000002f5f800000,0x0000002f5f900000) (1024K)]
  0x00000219ea8e28f0 WorkerThread "GC Thread#9"                     [id=22420, stack(0x0000002f5f900000,0x0000002f5fa00000) (1024K)]
Total: 12

Threads with active compile tasks:
Total: 0

VM state: not at safepoint (normal execution)

VM Mutex/Monitor currently owned by a thread:  ([mutex/lock_event])
[0x00007ff9de7db4f0] Metaspace_lock - owner thread: 0x00000219ea7d3f70

Heap address: 0x0000000080000000, size: 2048 MB, Compressed Oops mode: 32-bit

CDS archive(s) mapped at: [0x00000219a3000000-0x00000219a3ba0000-0x00000219a3ba0000), size 12189696, SharedBaseAddress: 0x00000219a3000000, ArchiveRelocationMode: 1.
Compressed class space mapped at: 0x00000219a4000000-0x00000219e4000000, reserved size: 1073741824
Narrow klass base: 0x00000219a3000000, Narrow klass shift: 0, Narrow klass range: 0x100000000

GC Precious Log:
 CardTable entry size: 512
 CPUs: 12 total, 12 available
 Memory: 15710M
 Large Page Support: Disabled
 NUMA Support: Disabled
 Compressed Oops: Enabled (32-bit)
 Alignments: Space 512K, Generation 512K, Heap 2M
 Heap Min Capacity: 100M
 Heap Initial Capacity: 100M
 Heap Max Capacity: 2G
 Pre-touch: Disabled
 Parallel Workers: 10

Heap:
 PSYoungGen      total 29696K, used 17253K [0x00000000d5580000, 0x00000000d7680000, 0x0000000100000000)
  eden space 25600K, 51% used [0x00000000d5580000,0x00000000d625ec80,0x00000000d6e80000)
  from space 4096K, 99% used [0x00000000d6e80000,0x00000000d727a858,0x00000000d7280000)
  to   space 4096K, 0% used [0x00000000d7280000,0x00000000d7280000,0x00000000d7680000)
 ParOldGen       total 68608K, used 2921K [0x0000000080000000, 0x0000000084300000, 0x00000000d5580000)
  object space 68608K, 4% used [0x0000000080000000,0x00000000802da7c0,0x0000000084300000)
 Metaspace       used 14720K, committed 15232K, reserved 1114112K
  class space    used 1553K, committed 1792K, reserved 1048576K

Card table byte_map: [0x000002198b780000,0x000002198bb90000] _byte_map_base: 0x000002198b380000

Marking Bits: (ParMarkBitMap*) 0x00007ff9de7e2460
 Begin Bits: [0x000002199e290000, 0x00000219a0290000)
 End Bits:   [0x00000219a0290000, 0x00000219a2290000)

Polling page: 0x0000021989c50000

Metaspace:

Usage:
  Non-class:     12.86 MB used.
      Class:      1.52 MB used.
       Both:     14.38 MB used.

Virtual space:
  Non-class space:       64.00 MB reserved,      13.12 MB ( 21%) committed,  1 nodes.
      Class space:        1.00 GB reserved,       1.75 MB ( <1%) committed,  1 nodes.
             Both:        1.06 GB reserved,      14.88 MB (  1%) committed. 

Chunk freelists:
   Non-Class:  2.09 MB
       Class:  14.25 MB
        Both:  16.34 MB

MaxMetaspaceSize: unlimited
CompressedClassSpaceSize: 1.00 GB
Initial GC threshold: 21.00 MB
Current GC threshold: 21.00 MB
CDS: on
 - commit_granule_bytes: 65536.
 - commit_granule_words: 8192.
 - virtual_space_node_default_size: 8388608.
 - enlarge_chunks_in_place: 1.
 - use_allocation_guard: 0.


Internal statistics:

num_allocs_failed_limit: 0.
num_arena_births: 418.
num_arena_deaths: 0.
num_vsnodes_births: 2.
num_vsnodes_deaths: 0.
num_space_committed: 238.
num_space_uncommitted: 0.
num_chunks_returned_to_freelist: 0.
num_chunks_taken_from_freelist: 941.
num_chunk_merges: 0.
num_chunk_splits: 595.
num_chunks_enlarged: 377.
num_inconsistent_stats: 0.

CodeHeap 'non-profiled nmethods': size=120000Kb used=1032Kb max_used=1032Kb free=118967Kb
 bounds [0x0000021996ab0000, 0x0000021996d20000, 0x000002199dfe0000]
CodeHeap 'profiled nmethods': size=120000Kb used=4610Kb max_used=4610Kb free=115389Kb
 bounds [0x000002198efe0000, 0x000002198f470000, 0x0000021996510000]
CodeHeap 'non-nmethods': size=5760Kb used=1262Kb max_used=1287Kb free=4497Kb
 bounds [0x0000021996510000, 0x0000021996780000, 0x0000021996ab0000]
CodeCache: size=245760Kb, used=6904Kb, max_used=6929Kb, free=238853Kb
 total_blobs=2990, nmethods=2454, adapters=442, full_count=0
Compilation: enabled, stopped_count=0, restarted_count=0

Compilation events (20 events):
Event: 3.363 Thread 0x000002198be9c470 nmethod 2447 0x0000021996bace10 code [0x0000021996bacfa0, 0x0000021996bad068]
Event: 3.371 Thread 0x000002198be9c470 2448       3       java.util.jar.Manifest$FastInputStream::readLine (9 bytes)
Event: 3.372 Thread 0x000002198be9c470 nmethod 2448 0x000002198f458110 code [0x000002198f4582c0, 0x000002198f458410]
Event: 3.375 Thread 0x000002198be9c470 2449       1       sun.nio.fs.WindowsPath::getFileSystem (5 bytes)
Event: 3.376 Thread 0x000002198be9c470 nmethod 2449 0x0000021996bad110 code [0x0000021996bad2a0, 0x0000021996bad368]
Event: 3.378 Thread 0x00000219ea8ceaa0 2450   !   4       java.util.zip.ZipFile$Source::checkAndAddEntry (295 bytes)
Event: 3.378 Thread 0x000002198be9a620 2451       4       java.util.zip.ZipCoder$UTF8ZipCoder::checkedHash (79 bytes)
Event: 3.378 Thread 0x00000219eabb7910 2452       4       java.util.zip.ZipFile$Source::isMetaName (141 bytes)
Event: 3.379 Thread 0x000002198be9c470 2454   !   3       java.util.jar.Attributes::read (494 bytes)
Event: 3.380 Thread 0x000002198be9a620 nmethod 2451 0x0000021996bad410 code [0x0000021996bad5e0, 0x0000021996bad9e0]
Event: 3.381 Thread 0x000002198be9a620 2453       4       jdk.internal.util.ArraysSupport::vectorizedHashCode (158 bytes)
Event: 3.382 Thread 0x00000219eabb7910 nmethod 2452 0x0000021996badb10 code [0x0000021996badcc0, 0x0000021996badf08]
Event: 3.384 Thread 0x000002198be9c470 nmethod 2454 0x000002198f458510 code [0x000002198f458ca0, 0x000002198f45c930]
Event: 3.391 Thread 0x00000219ea8ceaa0 nmethod 2450 0x0000021996bae110 code [0x0000021996bae340, 0x0000021996baef60]
Event: 3.395 Thread 0x000002198be9a620 nmethod 2453 0x0000021996baf810 code [0x0000021996bafa20, 0x0000021996baffc0]
Event: 3.397 Thread 0x000002198be9c470 2455   !   3       java.lang.invoke.MethodHandleNatives::linkMethodHandleConstant (50 bytes)
Event: 3.398 Thread 0x000002198be9c470 nmethod 2455 0x000002198f45e290 code [0x000002198f45e460, 0x000002198f45e668]
Event: 3.398 Thread 0x000002198be9c470 2456       3       java.lang.invoke.MethodHandles$Lookup::linkMethodHandleConstant (223 bytes)
Event: 3.398 Thread 0x000002198be9a620 2457       4       java.util.Properties$LineReader::readLine (584 bytes)
Event: 3.400 Thread 0x000002198be9c470 nmethod 2456 0x000002198f45e810 code [0x000002198f45ec00, 0x000002198f4603b0]

GC Heap History (6 events):
Event: 1.371 GC heap before
{Heap before GC invocations=1 (full 0):
 PSYoungGen      total 29696K, used 25600K [0x00000000d5580000, 0x00000000d7680000, 0x0000000100000000)
  eden space 25600K, 100% used [0x00000000d5580000,0x00000000d6e80000,0x00000000d6e80000)
  from space 4096K, 0% used [0x00000000d7280000,0x00000000d7280000,0x00000000d7680000)
  to   space 4096K, 0% used [0x00000000d6e80000,0x00000000d6e80000,0x00000000d7280000)
 ParOldGen       total 68608K, used 0K [0x0000000080000000, 0x0000000084300000, 0x00000000d5580000)
  object space 68608K, 0% used [0x0000000080000000,0x0000000080000000,0x0000000084300000)
 Metaspace       used 4327K, committed 4544K, reserved 1114112K
  class space    used 472K, committed 576K, reserved 1048576K
}
Event: 1.381 GC heap after
{Heap after GC invocations=1 (full 0):
 PSYoungGen      total 29696K, used 3303K [0x00000000d5580000, 0x00000000d7680000, 0x0000000100000000)
  eden space 25600K, 0% used [0x00000000d5580000,0x00000000d5580000,0x00000000d6e80000)
  from space 4096K, 80% used [0x00000000d6e80000,0x00000000d71b9e98,0x00000000d7280000)
  to   space 4096K, 0% used [0x00000000d7280000,0x00000000d7280000,0x00000000d7680000)
 ParOldGen       total 68608K, used 16K [0x0000000080000000, 0x0000000084300000, 0x00000000d5580000)
  object space 68608K, 0% used [0x0000000080000000,0x0000000080004000,0x0000000084300000)
 Metaspace       used 4327K, committed 4544K, reserved 1114112K
  class space    used 472K, committed 576K, reserved 1048576K
}
Event: 2.327 GC heap before
{Heap before GC invocations=2 (full 0):
 PSYoungGen      total 29696K, used 28903K [0x00000000d5580000, 0x00000000d7680000, 0x0000000100000000)
  eden space 25600K, 100% used [0x00000000d5580000,0x00000000d6e80000,0x00000000d6e80000)
  from space 4096K, 80% used [0x00000000d6e80000,0x00000000d71b9e98,0x00000000d7280000)
  to   space 4096K, 0% used [0x00000000d7280000,0x00000000d7280000,0x00000000d7680000)
 ParOldGen       total 68608K, used 16K [0x0000000080000000, 0x0000000084300000, 0x00000000d5580000)
  object space 68608K, 0% used [0x0000000080000000,0x0000000080004000,0x0000000084300000)
 Metaspace       used 8134K, committed 8448K, reserved 1114112K
  class space    used 866K, committed 1024K, reserved 1048576K
}
Event: 2.335 GC heap after
{Heap after GC invocations=2 (full 0):
 PSYoungGen      total 29696K, used 4091K [0x00000000d5580000, 0x00000000d7680000, 0x0000000100000000)
  eden space 25600K, 0% used [0x00000000d5580000,0x00000000d5580000,0x00000000d6e80000)
  from space 4096K, 99% used [0x00000000d7280000,0x00000000d767efe8,0x00000000d7680000)
  to   space 4096K, 0% used [0x00000000d6e80000,0x00000000d6e80000,0x00000000d7280000)
 ParOldGen       total 68608K, used 1117K [0x0000000080000000, 0x0000000084300000, 0x00000000d5580000)
  object space 68608K, 1% used [0x0000000080000000,0x00000000801176b8,0x0000000084300000)
 Metaspace       used 8134K, committed 8448K, reserved 1114112K
  class space    used 866K, committed 1024K, reserved 1048576K
}
Event: 3.042 GC heap before
{Heap before GC invocations=3 (full 0):
 PSYoungGen      total 29696K, used 29691K [0x00000000d5580000, 0x00000000d7680000, 0x0000000100000000)
  eden space 25600K, 100% used [0x00000000d5580000,0x00000000d6e80000,0x00000000d6e80000)
  from space 4096K, 99% used [0x00000000d7280000,0x00000000d767efe8,0x00000000d7680000)
  to   space 4096K, 0% used [0x00000000d6e80000,0x00000000d6e80000,0x00000000d7280000)
 ParOldGen       total 68608K, used 1117K [0x0000000080000000, 0x0000000084300000, 0x00000000d5580000)
  object space 68608K, 1% used [0x0000000080000000,0x00000000801176b8,0x0000000084300000)
 Metaspace       used 12958K, committed 13504K, reserved 1114112K
  class space    used 1376K, committed 1600K, reserved 1048576K
}
Event: 3.050 GC heap after
{Heap after GC invocations=3 (full 0):
 PSYoungGen      total 29696K, used 4074K [0x00000000d5580000, 0x00000000d7680000, 0x0000000100000000)
  eden space 25600K, 0% used [0x00000000d5580000,0x00000000d5580000,0x00000000d6e80000)
  from space 4096K, 99% used [0x00000000d6e80000,0x00000000d727a858,0x00000000d7280000)
  to   space 4096K, 0% used [0x00000000d7280000,0x00000000d7280000,0x00000000d7680000)
 ParOldGen       total 68608K, used 2921K [0x0000000080000000, 0x0000000084300000, 0x00000000d5580000)
  object space 68608K, 4% used [0x0000000080000000,0x00000000802da7c0,0x0000000084300000)
 Metaspace       used 12958K, committed 13504K, reserved 1114112K
  class space    used 1376K, committed 1600K, reserved 1048576K
}

Dll operation events (9 events):
Event: 0.073 Loaded shared library c:\Users\tanma\.vscode\extensions\redhat.java-1.52.0-win32-x64\jre\21.0.9-win32-x86_64\bin\java.dll
Event: 0.210 Loaded shared library c:\Users\tanma\.vscode\extensions\redhat.java-1.52.0-win32-x64\jre\21.0.9-win32-x86_64\bin\zip.dll
Event: 0.258 Loaded shared library C:\Users\tanma\.vscode\extensions\redhat.java-1.52.0-win32-x64\jre\21.0.9-win32-x86_64\bin\instrument.dll
Event: 0.297 Loaded shared library C:\Users\tanma\.vscode\extensions\redhat.java-1.52.0-win32-x64\jre\21.0.9-win32-x86_64\bin\net.dll
Event: 0.330 Loaded shared library C:\Users\tanma\.vscode\extensions\redhat.java-1.52.0-win32-x64\jre\21.0.9-win32-x86_64\bin\nio.dll
Event: 0.338 Loaded shared library C:\Users\tanma\.vscode\extensions\redhat.java-1.52.0-win32-x64\jre\21.0.9-win32-x86_64\bin\zip.dll
Event: 0.369 Loaded shared library C:\Users\tanma\.vscode\extensions\redhat.java-1.52.0-win32-x64\jre\21.0.9-win32-x86_64\bin\jimage.dll
Event: 0.528 Loaded shared library c:\Users\tanma\.vscode\extensions\redhat.java-1.52.0-win32-x64\jre\21.0.9-win32-x86_64\bin\verify.dll
Event: 2.301 Loaded shared library C:\Users\tanma\AppData\Roaming\Code\User\globalStorage\redhat.java\1.52.0\config_ss_win\org.eclipse.equinox.launcher\org.eclipse.equinox.launcher.win32.win32.x86_64_1.2.1500.v20260121-1430\eclipse_11919.dll

Deoptimization events (20 events):
Event: 3.306 Thread 0x00000219ea7d3f70 DEOPT PACKING pc=0x0000021996b754b8 sp=0x0000002f5f4f9970
Event: 3.306 Thread 0x00000219ea7d3f70 DEOPT UNPACKING pc=0x0000021996563aa2 sp=0x0000002f5f4f98a8 mode 2
Event: 3.306 Thread 0x00000219ea7d3f70 Uncommon trap: trap_request=0xffffff45 fr.pc=0x0000021996b837b0 relative=0x0000000000000bb0
Event: 3.306 Thread 0x00000219ea7d3f70 Uncommon trap: reason=unstable_if action=reinterpret pc=0x0000021996b837b0 method=java.io.DataInputStream.readFully([BII)V @ 37 c2
Event: 3.306 Thread 0x00000219ea7d3f70 DEOPT PACKING pc=0x0000021996b837b0 sp=0x0000002f5f4f9a30
Event: 3.306 Thread 0x00000219ea7d3f70 DEOPT UNPACKING pc=0x0000021996563aa2 sp=0x0000002f5f4f98f0 mode 2
Event: 3.325 Thread 0x00000219ea7d3f70 Uncommon trap: trap_request=0xffffff45 fr.pc=0x0000021996b60e6c relative=0x000000000000004c
Event: 3.325 Thread 0x00000219ea7d3f70 Uncommon trap: reason=unstable_if action=reinterpret pc=0x0000021996b60e6c method=sun.nio.fs.WindowsPathParser.isSlash(C)Z @ 9 c2
Event: 3.325 Thread 0x00000219ea7d3f70 DEOPT PACKING pc=0x0000021996b60e6c sp=0x0000002f5f4f94c0
Event: 3.326 Thread 0x00000219ea7d3f70 DEOPT UNPACKING pc=0x0000021996563aa2 sp=0x0000002f5f4f9448 mode 2
Event: 3.340 Thread 0x00000219ea7d3f70 Uncommon trap: trap_request=0xffffff45 fr.pc=0x0000021996ba3674 relative=0x00000000000000d4
Event: 3.340 Thread 0x00000219ea7d3f70 Uncommon trap: reason=unstable_if action=reinterpret pc=0x0000021996ba3674 method=org.eclipse.core.runtime.Path.equals(Ljava/lang/Object;)Z @ 61 c2
Event: 3.340 Thread 0x00000219ea7d3f70 DEOPT PACKING pc=0x0000021996ba3674 sp=0x0000002f5f4f9950
Event: 3.340 Thread 0x00000219ea7d3f70 DEOPT UNPACKING pc=0x0000021996563aa2 sp=0x0000002f5f4f98c8 mode 2
Event: 3.365 Thread 0x00000219ea7d3f70 Uncommon trap: trap_request=0xffffff45 fr.pc=0x0000021996b2c484 relative=0x00000000000005c4
Event: 3.365 Thread 0x00000219ea7d3f70 Uncommon trap: reason=unstable_if action=reinterpret pc=0x0000021996b2c484 method=java.io.BufferedInputStream.implRead([BII)I @ 55 c2
Event: 3.365 Thread 0x00000219ea7d3f70 DEOPT PACKING pc=0x0000021996b2c484 sp=0x0000002f5f4f9370
Event: 3.365 Thread 0x00000219ea7d3f70 DEOPT UNPACKING pc=0x0000021996563aa2 sp=0x0000002f5f4f9348 mode 2
Event: 3.398 Thread 0x00000219ea7d3f70 DEOPT PACKING pc=0x000002198f0fefa6 sp=0x0000002f5f4f75e0
Event: 3.398 Thread 0x00000219ea7d3f70 DEOPT UNPACKING pc=0x0000021996564242 sp=0x0000002f5f4f6ad8 mode 0

Classes loaded (20 events):
Event: 3.347 Loading class javax/xml/parsers/DocumentBuilderFactory done
Event: 3.348 Loading class com/sun/org/apache/xerces/internal/jaxp/DocumentBuilderFactoryImpl
Event: 3.348 Loading class com/sun/org/apache/xerces/internal/jaxp/DocumentBuilderFactoryImpl done
Event: 3.348 Loading class jdk/xml/internal/XMLSecurityManager
Event: 3.349 Loading class jdk/xml/internal/XMLSecurityManager done
Event: 3.349 Loading class jdk/xml/internal/XMLSecurityManager$Limit
Event: 3.349 Loading class jdk/xml/internal/XMLSecurityManager$Limit done
Event: 3.349 Loading class jdk/xml/internal/XMLSecurityManager$Processor
Event: 3.350 Loading class jdk/xml/internal/XMLSecurityManager$Processor done
Event: 3.350 Loading class jdk/xml/internal/XMLSecurityManager$NameMap
Event: 3.350 Loading class jdk/xml/internal/XMLSecurityManager$NameMap done
Event: 3.350 Loading class com/sun/org/apache/xerces/internal/jaxp/DocumentBuilderImpl
Event: 3.351 Loading class javax/xml/parsers/DocumentBuilder
Event: 3.351 Loading class javax/xml/parsers/DocumentBuilder done
Event: 3.351 Loading class com/sun/org/apache/xerces/internal/jaxp/DocumentBuilderImpl done
Event: 3.351 Loading class com/sun/org/apache/xerces/internal/parsers/DOMParser
Event: 3.352 Loading class com/sun/org/apache/xerces/internal/parsers/AbstractDOMParser
Event: 3.352 Loading class com/sun/org/apache/xerces/internal/parsers/AbstractDOMParser done
Event: 3.352 Loading class com/sun/org/apache/xerces/internal/parsers/DOMParser done
Event: 3.401 Loading class jdk/internal/logger/LoggerFinderLoader

Classes unloaded (0 events):
No events

Classes redefined (0 events):
No events

Internal exceptions (20 events):
Event: 1.983 Thread 0x000002198bddba80 Exception <a 'java/lang/NoSuchMethodError'{0x00000000d643a958}: 'int java.lang.invoke.DirectMethodHandle$Holder.invokeStaticInit(java.lang.Object, java.lang.Object)'> (0x00000000d643a958) 
thrown [s\src\hotspot\share\interpreter\linkResolver.cpp, line 773]
Event: 2.037 Thread 0x000002198bddba80 Exception <a 'java/lang/NoSuchMethodError'{0x00000000d6684f60}: 'java.lang.Object java.lang.invoke.DirectMethodHandle$Holder.newInvokeSpecial(java.lang.Object, int, java.lang.Object)'> (0x00000000d6684f60) 
thrown [s\src\hotspot\share\interpreter\linkResolver.cpp, line 773]
Event: 2.087 Thread 0x000002198bddba80 Exception <a 'java/lang/ClassNotFoundException'{0x00000000d68a19b8}: sun/net/www/protocol/plurl/Handler> (0x00000000d68a19b8) 
thrown [s\src\hotspot\share\classfile\systemDictionary.cpp, line 312]
Event: 2.087 Thread 0x000002198bddba80 Exception <a 'java/lang/ClassNotFoundException'{0x00000000d68a2838}: sun/net/www/protocol/plurl/Handler> (0x00000000d68a2838) 
thrown [s\src\hotspot\share\classfile\systemDictionary.cpp, line 312]
Event: 2.296 Thread 0x000002198bddba80 Exception <a 'java/lang/UnsatisfiedLinkError'{0x00000000d6d15cf8}: 'void org.eclipse.equinox.launcher.JNIBridge._update_splash()'> (0x00000000d6d15cf8) 
thrown [s\src\hotspot\share\prims\nativeLookup.cpp, line 415]
Event: 2.397 Thread 0x00000219ea7d3f70 Exception <a 'java/lang/NullPointerException'{0x00000000d5816088}> (0x00000000d5816088) 
thrown [s\src\hotspot\share\interpreter\linkResolver.cpp, line 1372]
Event: 2.398 Thread 0x00000219ea7d3f70 Exception <a 'java/lang/NullPointerException'{0x00000000d5816368}> (0x00000000d5816368) 
thrown [s\src\hotspot\share\interpreter\linkResolver.cpp, line 1372]
Event: 2.620 Thread 0x00000219ea7d3f70 Exception <a 'java/lang/NoSuchMethodError'{0x00000000d610d8c8}: 'long java.lang.invoke.DirectMethodHandle$Holder.invokeSpecial(java.lang.Object, java.lang.Object)'> (0x00000000d610d8c8) 
thrown [s\src\hotspot\share\interpreter\linkResolver.cpp, line 773]
Event: 2.687 Thread 0x00000219ea7d3f70 Exception <a 'java/io/FileNotFoundException'{0x00000000d63011a0}> (0x00000000d63011a0) 
thrown [s\src\hotspot\share\prims\jni.cpp, line 520]
Event: 2.797 Thread 0x00000219ea7d3f70 Exception <a 'java/lang/NoSuchMethodError'{0x00000000d65ea2e0}: 'java.lang.Object java.lang.invoke.Invokers$Holder.linkToTargetMethod(java.lang.Object, long, java.lang.Object)'> (0x00000000d65ea2e0) 
thrown [s\src\hotspot\share\interpreter\linkResolver.cpp, line 773]
Event: 2.885 Thread 0x00000219ea7d3f70 Exception <a 'java/lang/NoSuchMethodError'{0x00000000d697e628}: 'void java.lang.invoke.DirectMethodHandle$Holder.invokeInterface(java.lang.Object, java.lang.Object, java.lang.Object)'> (0x00000000d697e628) 
thrown [s\src\hotspot\share\interpreter\linkResolver.cpp, line 773]
Event: 2.931 Thread 0x00000219ea7d3f70 Exception <a 'java/lang/NoSuchMethodError'{0x00000000d6b8fec8}: 'void java.lang.invoke.Invokers$Holder.invokeExact_MT(java.lang.Object, java.lang.Object, java.lang.Object)'> (0x00000000d6b8fec8) 
thrown [s\src\hotspot\share\interpreter\linkResolver.cpp, line 773]
Event: 3.037 Thread 0x00000219ea7d3f70 Exception <a 'java/lang/NoSuchMethodError'{0x00000000d6e5e988}: 'java.lang.Object java.lang.invoke.DirectMethodHandle$Holder.invokeVirtual(java.lang.Object, java.lang.Object, java.lang.Object)'> (0x00000000d6e5e988) 
thrown [s\src\hotspot\share\interpreter\linkResolver.cpp, line 773]
Event: 3.041 Thread 0x00000219ea7d3f70 Exception <a 'java/lang/NoSuchMethodError'{0x00000000d6e76f78}: 'java.lang.Object java.lang.invoke.DelegatingMethodHandle$Holder.reinvoke_L(java.lang.Object, java.lang.Object, java.lang.Object, java.lang.Object, int, int)'> (0x00000000d6e76f78) 
thrown [s\src\hotspot\share\interpreter\linkResolver.cpp, line 773]
Event: 3.053 Thread 0x00000219ea7d3f70 Exception <a 'java/lang/NoSuchMethodError'{0x00000000d5593f90}: 'java.lang.Object java.lang.invoke.DirectMethodHandle$Holder.newInvokeSpecial(java.lang.Object, java.lang.Object, java.lang.Object, java.lang.Object, java.lang.Object, java.lang.Object)'> (0x00000000d5593f90) 
thrown [s\src\hotspot\share\interpreter\linkResolver.cpp, line 773]
Event: 3.058 Thread 0x00000219ea7d3f70 Exception <a 'java/lang/NoSuchMethodError'{0x00000000d560f1e0}: 'void java.lang.invoke.Invokers$Holder.invokeExact_MT(java.lang.Object, java.lang.Object, java.lang.Object, java.lang.Object)'> (0x00000000d560f1e0) 
thrown [s\src\hotspot\share\interpreter\linkResolver.cpp, line 773]
Event: 3.199 Thread 0x00000219ea7d3f70 Exception <a 'java/io/FileNotFoundException'{0x00000000d5a79eb0}> (0x00000000d5a79eb0) 
thrown [s\src\hotspot\share\prims\jni.cpp, line 520]
Event: 3.200 Thread 0x00000219ea7d3f70 Exception <a 'java/io/FileNotFoundException'{0x00000000d5a81418}> (0x00000000d5a81418) 
thrown [s\src\hotspot\share\prims\jni.cpp, line 520]
Event: 3.292 Thread 0x00000219ea7d3f70 Exception <a 'java/lang/NoSuchMethodError'{0x00000000d5e6a270}: 'java.lang.Object java.lang.invoke.DirectMethodHandle$Holder.newInvokeSpecial(java.lang.Object, java.lang.Object, java.lang.Object, java.lang.Object, java.lang.Object)'> (0x00000000d5e6a270) 
thrown [s\src\hotspot\share\interpreter\linkResolver.cpp, line 773]
Event: 3.337 Thread 0x00000219ea7d3f70 Exception <a 'java/lang/NoSuchMethodError'{0x00000000d602e960}: 'java.lang.Object java.lang.invoke.DirectMethodHandle$Holder.invokeStaticInit(java.lang.Object, int)'> (0x00000000d602e960) 
thrown [s\src\hotspot\share\interpreter\linkResolver.cpp, line 773]

ZGC Phase Switch (0 events):
No events

VM Operations (20 events):
Event: 2.024 Executing VM operation: HandshakeAllThreads (Deoptimize)
Event: 2.024 Executing VM operation: HandshakeAllThreads (Deoptimize) done
Event: 2.067 Executing VM operation: HandshakeAllThreads (Deoptimize)
Event: 2.067 Executing VM operation: HandshakeAllThreads (Deoptimize) done
Event: 2.082 Executing VM operation: HandshakeAllThreads (Deoptimize)
Event: 2.082 Executing VM operation: HandshakeAllThreads (Deoptimize) done
Event: 2.327 Executing VM operation: ParallelGCFailedAllocation (Allocation Failure)
Event: 2.335 Executing VM operation: ParallelGCFailedAllocation (Allocation Failure) done
Event: 2.525 Executing VM operation: HandshakeAllThreads (Deoptimize)
Event: 2.525 Executing VM operation: HandshakeAllThreads (Deoptimize) done
Event: 2.846 Executing VM operation: HandshakeAllThreads (Deoptimize)
Event: 2.846 Executing VM operation: HandshakeAllThreads (Deoptimize) done
Event: 3.042 Executing VM operation: ParallelGCFailedAllocation (Allocation Failure)
Event: 3.050 Executing VM operation: ParallelGCFailedAllocation (Allocation Failure) done
Event: 3.143 Executing VM operation: HandshakeAllThreads (Deoptimize)
Event: 3.144 Executing VM operation: HandshakeAllThreads (Deoptimize) done
Event: 3.151 Executing VM operation: HandshakeAllThreads (Deoptimize)
Event: 3.151 Executing VM operation: HandshakeAllThreads (Deoptimize) done
Event: 3.175 Executing VM operation: HandshakeAllThreads (Deoptimize)
Event: 3.175 Executing VM operation: HandshakeAllThreads (Deoptimize) done

Memory protections (0 events):
No events

Nmethod flushes (0 events):
No events

Events (20 events):
Event: 0.114 Thread 0x000002198bddba80 Thread added: 0x000002198be95110
Event: 0.114 Thread 0x000002198bddba80 Thread added: 0x000002198be9a620
Event: 0.114 Thread 0x000002198bddba80 Thread added: 0x000002198be9c470
Event: 0.234 Thread 0x000002198be9c470 Thread added: 0x00000219e4d8c050
Event: 0.261 Thread 0x000002198bddba80 Thread added: 0x00000219e4df59c0
Event: 0.700 Thread 0x000002198bddba80 Thread added: 0x00000219e4ec55a0
Event: 0.867 Thread 0x000002198be9c470 Thread added: 0x00000219e4f6bae0
Event: 1.443 Thread 0x00000219e4f6bae0 Thread exited: 0x00000219e4f6bae0
Event: 1.616 Thread 0x000002198be9c470 Thread added: 0x00000219ea77d0d0
Event: 1.943 Thread 0x00000219ea77d0d0 Thread exited: 0x00000219ea77d0d0
Event: 1.952 Thread 0x00000219e4d8c050 Thread exited: 0x00000219e4d8c050
Event: 2.001 Thread 0x000002198bddba80 Thread added: 0x00000219e4da9da0
Event: 2.122 Thread 0x000002198be9c470 Thread added: 0x00000219ea675c80
Event: 2.287 Thread 0x000002198bddba80 Thread added: 0x00000219ea7d3910
Event: 2.293 Thread 0x000002198bddba80 Thread added: 0x00000219ea7d3f70
Event: 2.508 Thread 0x00000219ea7d3f70 Thread added: 0x00000219ea9b93b0
Event: 2.896 Thread 0x00000219ea7d3f70 Thread added: 0x00000219ea810460
Event: 3.129 Thread 0x00000219ea675c80 Thread exited: 0x00000219ea675c80
Event: 3.196 Thread 0x000002198be9c470 Thread added: 0x00000219ea8ceaa0
Event: 3.285 Thread 0x000002198be9c470 Thread added: 0x00000219eabb7910


Dynamic libraries:
0x00007ff698e10000 - 0x00007ff698e1e000 	c:\Users\tanma\.vscode\extensions\redhat.java-1.52.0-win32-x64\jre\21.0.9-win32-x86_64\bin\java.exe
0x00007ffa9b820000 - 0x00007ffa9ba88000 	C:\WINDOWS\SYSTEM32\ntdll.dll
0x00007ffa9a050000 - 0x00007ffa9a119000 	C:\WINDOWS\System32\KERNEL32.DLL
0x00007ffa98810000 - 0x00007ffa98c01000 	C:\WINDOWS\System32\KERNELBASE.dll
0x00007ffa98600000 - 0x00007ffa9874b000 	C:\WINDOWS\System32\ucrtbase.dll
0x00007ffa8ce40000 - 0x00007ffa8ce5e000 	c:\Users\tanma\.vscode\extensions\redhat.java-1.52.0-win32-x64\jre\21.0.9-win32-x86_64\bin\VCRUNTIME140.dll
0x00007ffa6a430000 - 0x00007ffa6a448000 	c:\Users\tanma\.vscode\extensions\redhat.java-1.52.0-win32-x64\jre\21.0.9-win32-x86_64\bin\jli.dll
0x00007ffa99e80000 - 0x00007ffa9a046000 	C:\WINDOWS\System32\USER32.dll
0x00007ffa98270000 - 0x00007ffa98297000 	C:\WINDOWS\System32\win32u.dll
0x00007ffa7bcd0000 - 0x00007ffa7bf63000 	C:\WINDOWS\WinSxS\amd64_microsoft.windows.common-controls_6595b64144ccf1df_6.0.26100.7705_none_3e06597ae3363b04\COMCTL32.dll
0x00007ffa9a360000 - 0x00007ffa9a38b000 	C:\WINDOWS\System32\GDI32.dll
0x00007ffa99a70000 - 0x00007ffa99b19000 	C:\WINDOWS\System32\msvcrt.dll
0x00007ffa984d0000 - 0x00007ffa985fb000 	C:\WINDOWS\System32\gdi32full.dll
0x00007ffa98ca0000 - 0x00007ffa98d43000 	C:\WINDOWS\System32\msvcp_win.dll
0x00007ffa9a470000 - 0x00007ffa9a4a1000 	C:\WINDOWS\System32\IMM32.DLL
0x00007ffa936e0000 - 0x00007ffa936ec000 	c:\Users\tanma\.vscode\extensions\redhat.java-1.52.0-win32-x64\jre\21.0.9-win32-x86_64\bin\vcruntime140_1.dll
0x00007ff9f1aa0000 - 0x00007ff9f1b2d000 	c:\Users\tanma\.vscode\extensions\redhat.java-1.52.0-win32-x64\jre\21.0.9-win32-x86_64\bin\msvcp140.dll
0x00007ff9ddb20000 - 0x00007ff9de8c0000 	c:\Users\tanma\.vscode\extensions\redhat.java-1.52.0-win32-x64\jre\21.0.9-win32-x86_64\bin\server\jvm.dll
0x00007ffa9ace0000 - 0x00007ffa9ad94000 	C:\WINDOWS\System32\ADVAPI32.dll
0x00007ffa99c60000 - 0x00007ffa99d06000 	C:\WINDOWS\System32\sechost.dll
0x00007ffa9a4b0000 - 0x00007ffa9a5c8000 	C:\WINDOWS\System32\RPCRT4.dll
0x00007ffa9a1a0000 - 0x00007ffa9a214000 	C:\WINDOWS\System32\WS2_32.dll
0x00007ffa97f60000 - 0x00007ffa97fbe000 	C:\WINDOWS\SYSTEM32\POWRPROF.dll
0x00007ffa90280000 - 0x00007ffa902b5000 	C:\WINDOWS\SYSTEM32\WINMM.dll
0x00007ffa902c0000 - 0x00007ffa902cb000 	C:\WINDOWS\SYSTEM32\VERSION.dll
0x00007ffa97f40000 - 0x00007ffa97f54000 	C:\WINDOWS\SYSTEM32\UMPDC.dll
0x00007ffa96eb0000 - 0x00007ffa96ecb000 	C:\WINDOWS\SYSTEM32\kernel.appcore.dll
0x00007ffa7f6f0000 - 0x00007ffa7f6fa000 	c:\Users\tanma\.vscode\extensions\redhat.java-1.52.0-win32-x64\jre\21.0.9-win32-x86_64\bin\jimage.dll
0x00007ffa8afb0000 - 0x00007ffa8b1f2000 	C:\WINDOWS\SYSTEM32\DBGHELP.DLL
0x00007ffa9a770000 - 0x00007ffa9aaf6000 	C:\WINDOWS\System32\combase.dll
0x00007ffa9a390000 - 0x00007ffa9a467000 	C:\WINDOWS\System32\OLEAUT32.dll
0x00007ffa7b3f0000 - 0x00007ffa7b42b000 	C:\WINDOWS\SYSTEM32\dbgcore.DLL
0x00007ffa982a0000 - 0x00007ffa98345000 	C:\WINDOWS\System32\bcryptPrimitives.dll
0x00007ffa6d4c0000 - 0x00007ffa6d4cf000 	c:\Users\tanma\.vscode\extensions\redhat.java-1.52.0-win32-x64\jre\21.0.9-win32-x86_64\bin\instrument.dll
0x00007ffa651d0000 - 0x00007ffa651f0000 	c:\Users\tanma\.vscode\extensions\redhat.java-1.52.0-win32-x64\jre\21.0.9-win32-x86_64\bin\java.dll
0x00007ffa9af80000 - 0x00007ffa9b6d1000 	C:\WINDOWS\System32\SHELL32.dll
0x00007ffa98100000 - 0x00007ffa9826a000 	C:\WINDOWS\System32\wintypes.dll
0x00007ffa98d50000 - 0x00007ffa995b2000 	C:\WINDOWS\System32\windows.storage.dll
0x00007ffa99b20000 - 0x00007ffa99c16000 	C:\WINDOWS\System32\SHCORE.dll
0x00007ffa9ada0000 - 0x00007ffa9ae07000 	C:\WINDOWS\System32\shlwapi.dll
0x00007ffa98020000 - 0x00007ffa98049000 	C:\WINDOWS\SYSTEM32\profapi.dll
0x00007ffa64f20000 - 0x00007ffa64f38000 	c:\Users\tanma\.vscode\extensions\redhat.java-1.52.0-win32-x64\jre\21.0.9-win32-x86_64\bin\zip.dll
0x00007ffa6a3f0000 - 0x00007ffa6a400000 	C:\Users\tanma\.vscode\extensions\redhat.java-1.52.0-win32-x64\jre\21.0.9-win32-x86_64\bin\net.dll
0x00007ffa91ba0000 - 0x00007ffa91cc7000 	C:\WINDOWS\SYSTEM32\WINHTTP.dll
0x00007ffa97420000 - 0x00007ffa9748b000 	C:\WINDOWS\system32\mswsock.dll
0x00007ffa5cad0000 - 0x00007ffa5cae6000 	C:\Users\tanma\.vscode\extensions\redhat.java-1.52.0-win32-x64\jre\21.0.9-win32-x86_64\bin\nio.dll
0x00007ffa662d0000 - 0x00007ffa662e0000 	c:\Users\tanma\.vscode\extensions\redhat.java-1.52.0-win32-x64\jre\21.0.9-win32-x86_64\bin\verify.dll
0x00007ffa3a100000 - 0x00007ffa3a145000 	C:\Users\tanma\AppData\Roaming\Code\User\globalStorage\redhat.java\1.52.0\config_ss_win\org.eclipse.equinox.launcher\org.eclipse.equinox.launcher.win32.win32.x86_64_1.2.1500.v20260121-1430\eclipse_11919.dll
0x00007ffa9a5d0000 - 0x00007ffa9a767000 	C:\WINDOWS\System32\ole32.dll

JVMTI agents:
c:\Users\tanma\.vscode\extensions\redhat.java-1.52.0-win32-x64\lombok\lombok-1.18.39-4050.jar path:c:\Users\tanma\.vscode\extensions\redhat.java-1.52.0-win32-x64\jre\21.0.9-win32-x86_64\bin\instrument.dll, loaded, initialized, instrumentlib options:none

dbghelp: loaded successfully - version: 4.0.5 - missing functions: none
symbol engine: initialized successfully - sym options: 0x614 - pdb path: .;c:\Users\tanma\.vscode\extensions\redhat.java-1.52.0-win32-x64\jre\21.0.9-win32-x86_64\bin;C:\WINDOWS\SYSTEM32;C:\WINDOWS\WinSxS\amd64_microsoft.windows.common-controls_6595b64144ccf1df_6.0.26100.7705_none_3e06597ae3363b04;c:\Users\tanma\.vscode\extensions\redhat.java-1.52.0-win32-x64\jre\21.0.9-win32-x86_64\bin\server;C:\Users\tanma\AppData\Roaming\Code\User\globalStorage\redhat.java\1.52.0\config_ss_win\org.eclipse.equinox.launcher\org.eclipse.equinox.launcher.win32.win32.x86_64_1.2.1500.v20260121-1430

VM Arguments:
jvm_args: --add-modules=ALL-SYSTEM --add-opens=java.base/java.util=ALL-UNNAMED --add-opens=java.base/java.lang=ALL-UNNAMED --add-opens=java.base/sun.nio.fs=ALL-UNNAMED -Declipse.application=org.eclipse.jdt.ls.core.id1 -Dosgi.bundles.defaultStartLevel=4 -Declipse.product=org.eclipse.jdt.ls.core.product -Djava.import.generatesMetadataFilesAtProjectRoot=false -DDetectVMInstallationsJob.disabled=true -Dfile.encoding=utf8 -XX:+UseParallelGC -XX:GCTimeRatio=4 -XX:AdaptiveSizePolicyWeight=90 -Dsun.zip.disableMemoryMapping=true -Xmx2G -Xms100m -Xlog:disable -javaagent:c:\Users\tanma\.vscode\extensions\redhat.java-1.52.0-win32-x64\lombok\lombok-1.18.39-4050.jar 
java_command: c:\Users\tanma\.vscode\extensions\redhat.java-1.52.0-win32-x64\server\plugins\org.eclipse.equinox.launcher_1.7.100.v20251111-0406.jar -configuration c:\Users\tanma\AppData\Roaming\Code\User\globalStorage\redhat.java\1.52.0\config_ss_win -data c:\Users\tanma\AppData\Roaming\Code\User\workspaceStorage\6b540a3515ceee862cf14e229ff073f2\redhat.java\ss_ws --pipe=\\.\pipe\lsp-043feaa7a20a2e53b112ffbc3bc53003-sock
java_class_path (initial): c:\Users\tanma\.vscode\extensions\redhat.java-1.52.0-win32-x64\server\plugins\org.eclipse.equinox.launcher_1.7.100.v20251111-0406.jar
Launcher Type: SUN_STANDARD

[Global flags]
    uintx AdaptiveSizePolicyWeight                 = 90                                        {product} {command line}
     intx CICompilerCount                          = 4                                         {product} {ergonomic}
    uintx GCTimeRatio                              = 4                                         {product} {command line}
   size_t InitialHeapSize                          = 104857600                                 {product} {command line}
   size_t MaxHeapSize                              = 2147483648                                {product} {command line}
   size_t MaxNewSize                               = 715653120                                 {product} {ergonomic}
   size_t MinHeapDeltaBytes                        = 524288                                    {product} {ergonomic}
   size_t MinHeapSize                              = 104857600                                 {product} {command line}
   size_t NewSize                                  = 34603008                                  {product} {ergonomic}
    uintx NonNMethodCodeHeapSize                   = 5839372                                {pd product} {ergonomic}
    uintx NonProfiledCodeHeapSize                  = 122909434                              {pd product} {ergonomic}
   size_t OldSize                                  = 70254592                                  {product} {ergonomic}
    uintx ProfiledCodeHeapSize                     = 122909434                              {pd product} {ergonomic}
    uintx ReservedCodeCacheSize                    = 251658240                              {pd product} {ergonomic}
     bool SegmentedCodeCache                       = true                                      {product} {ergonomic}
   size_t SoftMaxHeapSize                          = 2147483648                             {manageable} {ergonomic}
     bool UseCompressedOops                        = true                           {product lp64_product} {ergonomic}
     bool UseLargePagesIndividualAllocation        = false                                  {pd product} {ergonomic}
     bool UseParallelGC                            = true                                      {product} {command line}

Logging:
Log output configuration:
 #0: stdout all=off uptime,level,tags foldmultilines=false
 #1: stderr all=off uptime,level,tags foldmultilines=false

Release file:
JAVA_VERSION="21.0.9" 
MODULES="java.base java.compiler java.datatransfer java.xml java.prefs java.desktop java.instrument java.logging java.management java.security.sasl java.naming java.rmi java.management.rmi java.net.http java.scripting java.security.jgss java.transaction.xa java.sql java.sql.rowset java.xml.crypto java.se java.smartcardio jdk.accessibility jdk.internal.jvmstat jdk.attach jdk.charsets jdk.internal.opt jdk.zipfs jdk.compiler jdk.crypto.ec jdk.crypto.cryptoki jdk.crypto.mscapi jdk.dynalink jdk.internal.ed jdk.editpad jdk.hotspot.agent jdk.httpserver jdk.internal.le jdk.internal.vm.ci jdk.internal.vm.compiler jdk.internal.vm.compiler.management jdk.jartool jdk.javadoc jdk.jcmd jdk.management jdk.management.agent jdk.jconsole jdk.jdeps jdk.jdwp.agent jdk.jdi jdk.jfr jdk.jshell jdk.jsobject jdk.jstatd jdk.localedata jdk.management.jfr jdk.naming.dns jdk.naming.rmi jdk.net jdk.nio.mapmode jdk.random jdk.sctp jdk.security.auth jdk.security.jgss jdk.unsupported jdk.unsupported.desktop jdk.xml.dom" 

Environment Variables:
PATH=D:\app\tanma\product\11.2.0\dbhome_1\bin;C:\Program Files\Common Files\Oracle\Java\javapath;C:\windows\system32;C:\windows;C:\windows\System32\Wbem;C:\windows\System32\WindowsPowerShell\v1.0\;C:\windows\System32\OpenSSH\;C:\Program Files\HP\HP One Agent;C:\git\Git\cmd;C:\Users\tanma\.config\herd\bin\nvm;C:\Program Files\nodejs;C:\WINDOWS\system32;C:\WINDOWS;C:\WINDOWS\System32\Wbem;C:\WINDOWS\System32\WindowsPowerShell\v1.0\;C:\WINDOWS\System32\OpenSSH\;C:\Program Files\Docker\Docker\resources\bin;C:\Program Files\nodejs\;C:\Users\tanma\Downloads\apache-maven-3.9.12\bin;C:\Users\tanma\Downloads\groovy-5.0.4\bin;C:\Users\tanma\.config\herd\bin;C:\Users\tanma\AppData\Local\Programs\Python\Python312\Scripts\;C:\Users\tanma\AppData\Local\Programs\Python\Python312\;C:\Users\tanma\AppData\Local\Microsoft\WindowsApps;C:\Users\tanma\AppData\Local\Programs\Microsoft VS Code\bin;C:\minGW\bin;C:\Modeltech_5.7g\win32;C:\minGW\bin;C:\Program Files\JetBrains\IntelliJ IDEA Community Edition 2023.3.2\bin;C:\Program Files\nodejs;C:\Users\tanma\AppData\Local\spicetify;C:\Users\tanma\AppData\Local\Microsoft\WindowsApps;C:\Program Files (x86)\Nmap;C:\Users\tanma\AppData\Roaming\npm;C:\Users\tanma\AppData\Local\Programs\Microsoft VS Code Insiders\bin
USERNAME=tanma
OS=Windows_NT
PROCESSOR_IDENTIFIER=AMD64 Family 25 Model 80 Stepping 0, AuthenticAMD
TMP=C:\Users\tanma\AppData\Local\Temp
TEMP=C:\Users\tanma\AppData\Local\Temp




Periodic native trim disabled

---------------  S Y S T E M  ---------------

OS:
 Windows 11 , 64 bit Build 26100 (10.0.26100.7705)
OS uptime: 0 days 16:04 hours
Hyper-V role detected

CPU: total 12 (initial active 12) (12 cores per cpu, 2 threads per core) family 25 model 80 stepping 0 microcode 0xa50000f, cx8, cmov, fxsr, ht, mmx, 3dnowpref, sse, sse2, sse3, ssse3, sse4a, sse4.1, sse4.2, popcnt, lzcnt, tsc, tscinvbit, avx, avx2, aes, erms, clmul, bmi1, bmi2, adx, sha, fma, vzeroupper, clflush, clflushopt, hv, rdtscp, rdpid, fsrm, f16c, cet_ss
Processor Information for processor 0
  Max Mhz: 3301, Current Mhz: 1805, Mhz Limit: 3301
Processor Information for processor 1
  Max Mhz: 3301, Current Mhz: 1908, Mhz Limit: 3301
Processor Information for processor 2
  Max Mhz: 3301, Current Mhz: 1908, Mhz Limit: 3301
Processor Information for processor 3
  Max Mhz: 3301, Current Mhz: 1805, Mhz Limit: 3301
Processor Information for processor 4
  Max Mhz: 3301, Current Mhz: 1805, Mhz Limit: 3301
Processor Information for processor 5
  Max Mhz: 3301, Current Mhz: 1908, Mhz Limit: 3301
Processor Information for processor 6
  Max Mhz: 3301, Current Mhz: 1805, Mhz Limit: 3301
Processor Information for processor 7
  Max Mhz: 3301, Current Mhz: 1805, Mhz Limit: 3301
Processor Information for processor 8
  Max Mhz: 3301, Current Mhz: 1805, Mhz Limit: 3301
Processor Information for processor 9
  Max Mhz: 3301, Current Mhz: 1805, Mhz Limit: 3301
Processor Information for processor 10
  Max Mhz: 3301, Current Mhz: 1805, Mhz Limit: 3301
Processor Information for processor 11
  Max Mhz: 3301, Current Mhz: 1805, Mhz Limit: 3301

Memory: 4k page, system-wide physical 15710M (1761M free)
TotalPageFile size 24726M (AvailPageFile size 12M)
current process WorkingSet (physical memory assigned to process): 114M, peak: 114M
current process commit charge ("private bytes"): 261M, peak: 261M

vm_info: OpenJDK 64-Bit Server VM (21.0.9+10-LTS) for windows-amd64 JRE (21.0.9+10-LTS), built on 2025-10-21T00:00:00Z by "admin" with unknown MS VC++:1942

END.
